
Gurobi 8.1.1 (linux64, Python) logging started Tue Apr  7 01:54:51 2020

Academic license - for non-commercial use only

Gurobi 8.1.1 (linux64, Python) logging started Wed Apr 15 21:49:05 2020

Academic license - for non-commercial use only

Gurobi 8.1.1 (linux64, Python) logging started Wed Apr 15 21:50:04 2020

Academic license - for non-commercial use only

Gurobi 8.1.1 (linux64, Python) logging started Wed Apr 15 21:51:59 2020

Academic license - for non-commercial use only

Gurobi 8.1.1 (linux64, Python) logging started Wed Apr 15 21:52:52 2020

Academic license - for non-commercial use only

Gurobi 8.1.1 (linux64, Python) logging started Wed Apr 15 21:53:49 2020

Academic license - for non-commercial use only

Gurobi 8.1.1 (linux64, Python) logging started Wed Apr 15 21:55:07 2020

Academic license - for non-commercial use only

Gurobi 8.1.1 (linux64, Python) logging started Wed Apr 15 21:55:31 2020

Academic license - for non-commercial use only

Gurobi 8.1.1 (linux64, Python) logging started Wed Apr 15 21:57:57 2020

Academic license - for non-commercial use only

Gurobi 8.1.1 (linux64, Python) logging started Wed Apr 15 21:59:38 2020

Academic license - for non-commercial use only

Gurobi 8.1.1 (linux64, Python) logging started Wed Apr 15 22:00:12 2020

Academic license - for non-commercial use only

Gurobi 8.1.1 (linux64, Python) logging started Wed Apr 15 22:00:31 2020

Academic license - for non-commercial use only

Gurobi 8.1.1 (linux64, Python) logging started Thu Apr 16 11:19:11 2020

Academic license - for non-commercial use only

Gurobi 8.1.1 (linux64, Python) logging started Fri Apr 17 11:37:53 2020

Academic license - for non-commercial use only

Gurobi 8.1.1 (linux64, Python) logging started Fri Apr 17 11:44:04 2020

Academic license - for non-commercial use only

Gurobi 8.1.1 (linux64, Python) logging started Fri Apr 17 11:45:52 2020

Academic license - for non-commercial use only

Gurobi 8.1.1 (linux64, Python) logging started Fri Apr 17 11:45:59 2020

Academic license - for non-commercial use only

Gurobi 8.1.1 (linux64, Python) logging started Fri Apr 17 11:46:19 2020

Academic license - for non-commercial use only

Gurobi 8.1.1 (linux64, Python) logging started Sat Apr 18 05:00:21 2020

Academic license - for non-commercial use only

Gurobi 8.1.1 (linux64, Python) logging started Sat Apr 18 05:01:49 2020

Academic license - for non-commercial use only

Gurobi 8.1.1 (linux64, Python) logging started Sat Apr 18 05:02:20 2020

Academic license - for non-commercial use only

Gurobi 8.1.1 (linux64, Python) logging started Sat Apr 18 05:02:36 2020

Academic license - for non-commercial use only

Gurobi 8.1.1 (linux64, Python) logging started Sat Apr 18 05:02:59 2020

Academic license - for non-commercial use only

Gurobi 8.1.1 (linux64, Python) logging started Sat Apr 18 05:03:43 2020

Academic license - for non-commercial use only

Gurobi 8.1.1 (linux64, Python) logging started Sat Apr 18 05:15:25 2020

Academic license - for non-commercial use only

Gurobi 8.1.1 (linux64, Python) logging started Sat Apr 18 05:28:34 2020

Academic license - for non-commercial use only

Gurobi 8.1.1 (linux64, Python) logging started Sat Apr 18 05:30:00 2020

Academic license - for non-commercial use only

Gurobi 8.1.1 (linux64, Python) logging started Sat Apr 18 05:30:48 2020

Academic license - for non-commercial use only

Gurobi 8.1.1 (linux64, Python) logging started Sat Apr 18 05:31:31 2020

Academic license - for non-commercial use only

Gurobi 8.1.1 (linux64, Python) logging started Sat Apr 18 05:32:48 2020

Academic license - for non-commercial use only

Gurobi 8.1.1 (linux64, Python) logging started Sat Apr 18 05:38:34 2020

Academic license - for non-commercial use only

Gurobi 8.1.1 (linux64, Python) logging started Sat Apr 18 05:43:28 2020

Academic license - for non-commercial use only

Gurobi 8.1.1 (linux64, Python) logging started Sat Apr 18 06:03:10 2020

Academic license - for non-commercial use only

Gurobi 8.1.1 (linux64, Python) logging started Sat Apr 18 06:05:43 2020

Academic license - for non-commercial use only

Gurobi 8.1.1 (linux64, Python) logging started Sat Apr 18 06:07:42 2020

Academic license - for non-commercial use only

Gurobi 8.1.1 (linux64, Python) logging started Sat Apr 18 06:27:06 2020

Academic license - for non-commercial use only

Gurobi 8.1.1 (linux64, Python) logging started Sat Apr 18 06:27:26 2020

Academic license - for non-commercial use only

Gurobi 8.1.1 (linux64, Python) logging started Sat Apr 18 06:28:00 2020

Academic license - for non-commercial use only

Gurobi 8.1.1 (linux64, Python) logging started Sat Apr 18 10:04:13 2020

Academic license - for non-commercial use only

Gurobi 8.1.1 (linux64, Python) logging started Sat Apr 18 10:06:19 2020

Academic license - for non-commercial use only

Gurobi 8.1.1 (linux64, Python) logging started Sat Apr 18 10:07:23 2020

Academic license - for non-commercial use only

Gurobi 8.1.1 (linux64, Python) logging started Sat Apr 18 10:08:08 2020

Academic license - for non-commercial use only

Gurobi 8.1.1 (linux64, Python) logging started Sat Apr 18 10:11:17 2020

Academic license - for non-commercial use only

Gurobi 8.1.1 (linux64, Python) logging started Sat Apr 18 10:12:32 2020

Academic license - for non-commercial use only

Gurobi 8.1.1 (linux64, Python) logging started Sat Apr 18 20:13:48 2020

Academic license - for non-commercial use only

Gurobi 8.1.1 (linux64, Python) logging started Sat Apr 18 22:44:22 2020

Academic license - for non-commercial use only

Gurobi 8.1.1 (linux64, Python) logging started Sat Apr 18 22:44:44 2020

Academic license - for non-commercial use only

Gurobi 8.1.1 (linux64, Python) logging started Sat Apr 18 23:05:54 2020

Academic license - for non-commercial use only

Gurobi 8.1.1 (linux64, Python) logging started Sat Apr 18 23:12:14 2020

Academic license - for non-commercial use only

Gurobi 8.1.1 (linux64, Python) logging started Sat Apr 18 23:17:24 2020

Academic license - for non-commercial use only

Gurobi 8.1.1 (linux64, Python) logging started Sat Apr 18 23:37:58 2020

Academic license - for non-commercial use only

Gurobi 8.1.1 (linux64, Python) logging started Sat Apr 18 23:38:27 2020

Academic license - for non-commercial use only

Gurobi 8.1.1 (linux64, Python) logging started Sat Apr 18 23:40:44 2020

Academic license - for non-commercial use only

Gurobi 8.1.1 (linux64, Python) logging started Sat Apr 18 23:41:14 2020

Academic license - for non-commercial use only

Gurobi 8.1.1 (linux64, Python) logging started Sat Apr 18 23:53:11 2020

Academic license - for non-commercial use only

Gurobi 8.1.1 (linux64, Python) logging started Sat Apr 18 23:55:01 2020

Academic license - for non-commercial use only

Gurobi 8.1.1 (linux64, Python) logging started Sat Apr 18 23:55:39 2020

Academic license - for non-commercial use only

Gurobi 8.1.1 (linux64, Python) logging started Sat Apr 18 23:56:04 2020

Academic license - for non-commercial use only

Gurobi 8.1.1 (linux64, Python) logging started Sat Apr 18 23:57:05 2020

Academic license - for non-commercial use only

Gurobi 8.1.1 (linux64, Python) logging started Sat Apr 18 23:57:44 2020

Academic license - for non-commercial use only

Gurobi 8.1.1 (linux64, Python) logging started Sun Apr 19 00:03:48 2020

Academic license - for non-commercial use only

Gurobi 8.1.1 (linux64, Python) logging started Sun Apr 19 00:04:30 2020

Academic license - for non-commercial use only

Gurobi 8.1.1 (linux64, Python) logging started Sun Apr 19 00:07:48 2020

Academic license - for non-commercial use only

Gurobi 8.1.1 (linux64, Python) logging started Sun Apr 19 00:10:31 2020

Academic license - for non-commercial use only

Gurobi 8.1.1 (linux64, Python) logging started Sun Apr 19 13:47:10 2020

Academic license - for non-commercial use only

Gurobi 8.1.1 (linux64, Python) logging started Sun Apr 19 20:56:03 2020

Academic license - for non-commercial use only

Gurobi 8.1.1 (linux64, Python) logging started Sun Apr 19 20:58:53 2020

Academic license - for non-commercial use only

Gurobi 8.1.1 (linux64, Python) logging started Sun Apr 19 21:01:00 2020

Academic license - for non-commercial use only

Gurobi 8.1.1 (linux64, Python) logging started Sun Apr 19 21:13:47 2020

Academic license - for non-commercial use only

Gurobi 8.1.1 (linux64, Python) logging started Sun Apr 19 21:18:33 2020

Academic license - for non-commercial use only

Gurobi 8.1.1 (linux64, Python) logging started Sun Apr 19 21:35:02 2020

Academic license - for non-commercial use only

Gurobi 8.1.1 (linux64, Python) logging started Sun Apr 19 21:36:32 2020

Academic license - for non-commercial use only

Gurobi 8.1.1 (linux64, Python) logging started Sun Apr 19 21:38:21 2020

Academic license - for non-commercial use only

Gurobi 8.1.1 (linux64, Python) logging started Sun Apr 19 21:39:55 2020

Academic license - for non-commercial use only

Gurobi 8.1.1 (linux64, Python) logging started Sun Apr 19 21:40:39 2020

Academic license - for non-commercial use only

Gurobi 8.1.1 (linux64, Python) logging started Sun Apr 19 21:40:47 2020

Academic license - for non-commercial use only

Gurobi 8.1.1 (linux64, Python) logging started Sun Apr 19 21:41:20 2020

Academic license - for non-commercial use only

Gurobi 8.1.1 (linux64, Python) logging started Sun Apr 19 21:41:33 2020

Academic license - for non-commercial use only

Gurobi 8.1.1 (linux64, Python) logging started Sun Apr 19 21:41:40 2020

Academic license - for non-commercial use only

Gurobi 8.1.1 (linux64, Python) logging started Sun Apr 19 21:41:49 2020

Academic license - for non-commercial use only

Gurobi 8.1.1 (linux64, Python) logging started Sun Apr 19 21:42:26 2020

Academic license - for non-commercial use only

Gurobi 8.1.1 (linux64, Python) logging started Sun Apr 19 21:43:27 2020

Academic license - for non-commercial use only

Gurobi 8.1.1 (linux64, Python) logging started Sun Apr 19 21:44:06 2020

Academic license - for non-commercial use only

Gurobi 8.1.1 (linux64, Python) logging started Sun Apr 19 21:46:45 2020

Academic license - for non-commercial use only

Gurobi 8.1.1 (linux64, Python) logging started Sun Apr 19 21:49:43 2020

Academic license - for non-commercial use only

Gurobi 8.1.1 (linux64, Python) logging started Fri May 15 21:45:46 2020

Academic license - for non-commercial use only

Gurobi 8.1.1 (linux64, Python) logging started Fri May 15 21:46:24 2020

Academic license - for non-commercial use only

Gurobi 8.1.1 (linux64, Python) logging started Sun May 17 13:36:45 2020

Academic license - for non-commercial use only

Gurobi 8.1.1 (linux64, Python) logging started Sun May 17 13:39:28 2020

Academic license - for non-commercial use only

Gurobi 8.1.1 (linux64, Python) logging started Sun May 17 13:39:58 2020

Academic license - for non-commercial use only

Gurobi 8.1.1 (linux64, Python) logging started Sun May 17 13:49:21 2020

Academic license - for non-commercial use only

Gurobi 8.1.1 (linux64, Python) logging started Sun May 17 16:45:36 2020

Academic license - for non-commercial use only

Gurobi 8.1.1 (linux64, Python) logging started Sun May 17 16:45:48 2020

Academic license - for non-commercial use only

Gurobi 8.1.1 (linux64, Python) logging started Sun May 17 16:48:21 2020

Academic license - for non-commercial use only

Gurobi 8.1.1 (linux64, Python) logging started Sun May 17 16:50:19 2020

Academic license - for non-commercial use only

Gurobi 8.1.1 (linux64, Python) logging started Sun May 17 16:50:34 2020

Academic license - for non-commercial use only

Gurobi 8.1.1 (linux64, Python) logging started Sun May 17 16:50:43 2020

Academic license - for non-commercial use only

Gurobi 8.1.1 (linux64, Python) logging started Sun May 17 16:50:45 2020

Academic license - for non-commercial use only

Gurobi 8.1.1 (linux64, Python) logging started Sun May 17 16:52:02 2020

Academic license - for non-commercial use only

Gurobi 8.1.1 (linux64, Python) logging started Sun May 17 16:52:10 2020

Academic license - for non-commercial use only

Gurobi 8.1.1 (linux64, Python) logging started Sun May 17 16:52:13 2020

Academic license - for non-commercial use only

Gurobi 8.1.1 (linux64, Python) logging started Sun May 17 16:52:15 2020

Academic license - for non-commercial use only

Gurobi 8.1.1 (linux64, Python) logging started Sun May 17 16:52:23 2020

Academic license - for non-commercial use only

Gurobi 8.1.1 (linux64, Python) logging started Sun May 17 16:52:36 2020

Academic license - for non-commercial use only

Gurobi 8.1.1 (linux64, Python) logging started Sun May 17 16:55:52 2020

Academic license - for non-commercial use only

Gurobi 8.1.1 (linux64, Python) logging started Sun May 17 17:42:24 2020

Academic license - for non-commercial use only

Gurobi 8.1.1 (linux64, Python) logging started Sun May 17 17:43:01 2020

Academic license - for non-commercial use only

Gurobi 8.1.1 (linux64, Python) logging started Sun May 17 18:13:05 2020

Academic license - for non-commercial use only

Gurobi 8.1.1 (linux64, Python) logging started Sun May 17 18:14:47 2020

Academic license - for non-commercial use only

Gurobi 8.1.1 (linux64, Python) logging started Sun May 17 18:23:42 2020

Academic license - for non-commercial use only

Gurobi 8.1.1 (linux64, Python) logging started Sun May 17 20:23:13 2020

Academic license - for non-commercial use only

Gurobi 8.1.1 (linux64, Python) logging started Mon May 18 17:08:55 2020

Academic license - for non-commercial use only

Gurobi 8.1.1 (linux64, Python) logging started Mon May 18 17:10:01 2020

Academic license - for non-commercial use only

Gurobi 8.1.1 (linux64, Python) logging started Mon May 18 17:11:27 2020

Academic license - for non-commercial use only

Gurobi 8.1.1 (linux64, Python) logging started Mon May 18 17:13:48 2020

Academic license - for non-commercial use only

Gurobi 8.1.1 (linux64, Python) logging started Mon May 18 17:14:55 2020

Academic license - for non-commercial use only

Gurobi 8.1.1 (linux64, Python) logging started Mon May 18 17:15:47 2020

Academic license - for non-commercial use only

Gurobi 8.1.1 (linux64, Python) logging started Mon May 18 17:21:22 2020

Academic license - for non-commercial use only

Gurobi 8.1.1 (linux64, Python) logging started Mon May 18 17:30:09 2020

Academic license - for non-commercial use only

Gurobi 8.1.1 (linux64, Python) logging started Mon May 18 18:03:02 2020

Academic license - for non-commercial use only

Gurobi 8.1.1 (linux64, Python) logging started Wed May 20 19:14:50 2020

Academic license - for non-commercial use only

Gurobi 8.1.1 (linux64, Python) logging started Wed May 20 19:15:00 2020

Academic license - for non-commercial use only

Gurobi 8.1.1 (linux64, Python) logging started Wed May 20 19:15:32 2020

Academic license - for non-commercial use only

Gurobi 8.1.1 (linux64, Python) logging started Wed May 20 19:15:37 2020

Academic license - for non-commercial use only

Gurobi 8.1.1 (linux64, Python) logging started Wed May 20 19:15:49 2020

Academic license - for non-commercial use only

Gurobi 8.1.1 (linux64, Python) logging started Wed May 20 19:15:52 2020

Academic license - for non-commercial use only

Gurobi 8.1.1 (linux64, Python) logging started Wed May 20 19:15:54 2020

Academic license - for non-commercial use only

Gurobi 8.1.1 (linux64, Python) logging started Wed May 20 19:16:03 2020

Academic license - for non-commercial use only

Gurobi 8.1.1 (linux64, Python) logging started Wed May 20 19:16:05 2020

Academic license - for non-commercial use only

Gurobi 8.1.1 (linux64, Python) logging started Wed May 20 19:16:08 2020

Academic license - for non-commercial use only

Gurobi 8.1.1 (linux64, Python) logging started Wed May 20 19:16:11 2020

Academic license - for non-commercial use only

Gurobi 8.1.1 (linux64, Python) logging started Wed May 20 19:16:13 2020

Academic license - for non-commercial use only

Gurobi 8.1.1 (linux64, Python) logging started Wed May 20 19:16:39 2020

Academic license - for non-commercial use only

Gurobi 8.1.1 (linux64, Python) logging started Wed May 20 19:16:45 2020

Academic license - for non-commercial use only

Gurobi 8.1.1 (linux64, Python) logging started Wed May 20 19:16:49 2020

Academic license - for non-commercial use only

Gurobi 8.1.1 (linux64, Python) logging started Wed May 20 19:20:19 2020

Academic license - for non-commercial use only

Gurobi 8.1.1 (linux64, Python) logging started Wed May 20 19:20:22 2020

Academic license - for non-commercial use only

Gurobi 8.1.1 (linux64, Python) logging started Wed May 20 19:20:25 2020

Academic license - for non-commercial use only

Gurobi 8.1.1 (linux64, Python) logging started Wed May 20 19:20:29 2020

Academic license - for non-commercial use only

Gurobi 8.1.1 (linux64, Python) logging started Wed May 20 19:20:30 2020

Academic license - for non-commercial use only

Gurobi 8.1.1 (linux64, Python) logging started Wed May 20 19:20:33 2020

Academic license - for non-commercial use only

Gurobi 8.1.1 (linux64, Python) logging started Wed May 20 19:20:44 2020

Academic license - for non-commercial use only

Gurobi 8.1.1 (linux64, Python) logging started Wed May 20 19:20:46 2020

Academic license - for non-commercial use only

Gurobi 8.1.1 (linux64, Python) logging started Wed May 20 19:20:47 2020

Academic license - for non-commercial use only

Gurobi 8.1.1 (linux64, Python) logging started Wed May 20 19:20:49 2020

Academic license - for non-commercial use only

Gurobi 8.1.1 (linux64, Python) logging started Wed May 20 19:20:51 2020

Academic license - for non-commercial use only

Gurobi 8.1.1 (linux64, Python) logging started Wed May 20 19:20:52 2020

Academic license - for non-commercial use only

Gurobi 8.1.1 (linux64, Python) logging started Wed May 20 19:20:55 2020

Academic license - for non-commercial use only

Gurobi 8.1.1 (linux64, Python) logging started Wed May 20 19:20:56 2020

Academic license - for non-commercial use only

Gurobi 8.1.1 (linux64, Python) logging started Wed May 20 19:20:59 2020

Academic license - for non-commercial use only

Gurobi 8.1.1 (linux64, Python) logging started Wed May 20 19:21:01 2020

Academic license - for non-commercial use only

Gurobi 8.1.1 (linux64, Python) logging started Wed May 20 19:21:04 2020

Academic license - for non-commercial use only

Gurobi 8.1.1 (linux64, Python) logging started Wed May 20 19:21:06 2020

Academic license - for non-commercial use only

Gurobi 8.1.1 (linux64, Python) logging started Wed May 20 19:21:08 2020

Academic license - for non-commercial use only

Gurobi 8.1.1 (linux64, Python) logging started Wed May 20 19:21:15 2020

Academic license - for non-commercial use only

Gurobi 8.1.1 (linux64, Python) logging started Wed May 20 19:21:18 2020

Academic license - for non-commercial use only

Gurobi 8.1.1 (linux64, Python) logging started Wed May 20 19:21:26 2020

Academic license - for non-commercial use only

Gurobi 8.1.1 (linux64, Python) logging started Wed May 20 19:21:29 2020

Academic license - for non-commercial use only

Gurobi 8.1.1 (linux64, Python) logging started Wed May 20 19:21:32 2020

Academic license - for non-commercial use only

Gurobi 8.1.1 (linux64, Python) logging started Wed May 20 19:21:34 2020

Academic license - for non-commercial use only

Gurobi 8.1.1 (linux64, Python) logging started Wed May 20 19:21:38 2020

Academic license - for non-commercial use only

Gurobi 8.1.1 (linux64, Python) logging started Wed May 20 20:51:08 2020

Academic license - for non-commercial use only

Gurobi 8.1.1 (linux64, Python) logging started Wed May 20 20:55:40 2020

Academic license - for non-commercial use only

Gurobi 8.1.1 (linux64, Python) logging started Wed May 20 20:56:16 2020

Academic license - for non-commercial use only

Gurobi 8.1.1 (linux64, Python) logging started Wed May 20 20:56:19 2020

Academic license - for non-commercial use only

Gurobi 8.1.1 (linux64, Python) logging started Wed May 20 20:59:42 2020

Academic license - for non-commercial use only

Gurobi 8.1.1 (linux64, Python) logging started Wed May 20 21:12:02 2020

Academic license - for non-commercial use only

Gurobi 8.1.1 (linux64, Python) logging started Wed May 20 21:15:02 2020

Academic license - for non-commercial use only

Gurobi 8.1.1 (linux64, Python) logging started Wed May 20 21:17:18 2020

Academic license - for non-commercial use only

Gurobi 8.1.1 (linux64, Python) logging started Wed May 20 21:21:06 2020

Academic license - for non-commercial use only

Gurobi 8.1.1 (linux64, Python) logging started Wed May 20 21:28:40 2020

Academic license - for non-commercial use only

Gurobi 8.1.1 (linux64, Python) logging started Wed May 20 21:28:43 2020

Academic license - for non-commercial use only

Gurobi 8.1.1 (linux64, Python) logging started Wed May 20 21:28:45 2020

Academic license - for non-commercial use only

Gurobi 8.1.1 (linux64, Python) logging started Wed May 20 21:28:47 2020

Academic license - for non-commercial use only

Gurobi 8.1.1 (linux64, Python) logging started Wed May 20 21:28:49 2020

Academic license - for non-commercial use only

Gurobi 8.1.1 (linux64, Python) logging started Wed May 20 21:28:51 2020

Academic license - for non-commercial use only

Gurobi 8.1.1 (linux64, Python) logging started Wed May 20 21:28:53 2020

Academic license - for non-commercial use only

Gurobi 8.1.1 (linux64, Python) logging started Wed May 20 21:29:01 2020

Academic license - for non-commercial use only

Gurobi 8.1.1 (linux64, Python) logging started Wed May 20 21:29:04 2020

Academic license - for non-commercial use only

Gurobi 8.1.1 (linux64, Python) logging started Wed May 20 21:29:05 2020

Academic license - for non-commercial use only

Gurobi 8.1.1 (linux64, Python) logging started Wed May 20 21:29:09 2020

Academic license - for non-commercial use only

Gurobi 8.1.1 (linux64, Python) logging started Wed May 20 21:29:11 2020

Academic license - for non-commercial use only

Gurobi 8.1.1 (linux64, Python) logging started Wed May 20 21:29:13 2020

Academic license - for non-commercial use only

Gurobi 8.1.1 (linux64, Python) logging started Wed May 20 21:29:14 2020

Academic license - for non-commercial use only

Gurobi 8.1.1 (linux64, Python) logging started Wed May 20 21:29:15 2020

Academic license - for non-commercial use only

Gurobi 8.1.1 (linux64, Python) logging started Wed May 20 21:29:16 2020

Academic license - for non-commercial use only

Gurobi 8.1.1 (linux64, Python) logging started Wed May 20 21:29:18 2020

Academic license - for non-commercial use only

Gurobi 8.1.1 (linux64, Python) logging started Wed May 20 21:29:19 2020

Academic license - for non-commercial use only

Gurobi 8.1.1 (linux64, Python) logging started Wed May 20 21:29:20 2020

Academic license - for non-commercial use only

Gurobi 8.1.1 (linux64, Python) logging started Wed May 20 21:29:21 2020

Academic license - for non-commercial use only

Gurobi 8.1.1 (linux64, Python) logging started Wed May 20 21:30:17 2020

Academic license - for non-commercial use only

Gurobi 8.1.1 (linux64, Python) logging started Wed May 20 21:30:21 2020

Academic license - for non-commercial use only

Gurobi 8.1.1 (linux64, Python) logging started Wed May 20 21:30:23 2020

Academic license - for non-commercial use only

Gurobi 8.1.1 (linux64, Python) logging started Wed May 20 21:30:25 2020

Academic license - for non-commercial use only

Gurobi 8.1.1 (linux64, Python) logging started Wed May 20 21:30:26 2020

Academic license - for non-commercial use only

Gurobi 8.1.1 (linux64, Python) logging started Wed May 20 21:30:28 2020

Academic license - for non-commercial use only

Gurobi 8.1.1 (linux64, Python) logging started Wed May 20 21:30:30 2020

Academic license - for non-commercial use only

Gurobi 8.1.1 (linux64, Python) logging started Wed May 20 21:30:31 2020

Academic license - for non-commercial use only

Gurobi 8.1.1 (linux64, Python) logging started Wed May 20 21:30:33 2020

Academic license - for non-commercial use only

Gurobi 8.1.1 (linux64, Python) logging started Wed May 20 21:30:34 2020

Academic license - for non-commercial use only

Gurobi 8.1.1 (linux64, Python) logging started Wed May 20 21:30:36 2020

Academic license - for non-commercial use only

Gurobi 8.1.1 (linux64, Python) logging started Wed May 20 21:30:38 2020

Academic license - for non-commercial use only

Gurobi 8.1.1 (linux64, Python) logging started Wed May 20 21:30:40 2020

Academic license - for non-commercial use only

Gurobi 8.1.1 (linux64, Python) logging started Wed May 20 21:30:42 2020

Academic license - for non-commercial use only

Gurobi 8.1.1 (linux64, Python) logging started Wed May 20 21:30:44 2020

Academic license - for non-commercial use only

Gurobi 8.1.1 (linux64, Python) logging started Wed May 20 21:30:46 2020

Academic license - for non-commercial use only

Gurobi 8.1.1 (linux64, Python) logging started Sat May 23 01:35:14 2020

Academic license - for non-commercial use only

Gurobi 8.1.1 (linux64, Python) logging started Sat May 23 18:42:46 2020

Academic license - for non-commercial use only

Gurobi 8.1.1 (linux64, Python) logging started Sat May 23 18:43:19 2020

Academic license - for non-commercial use only

Gurobi 8.1.1 (linux64, Python) logging started Sat May 23 18:43:23 2020

Academic license - for non-commercial use only

Gurobi 8.1.1 (linux64, Python) logging started Sat May 23 18:43:25 2020

Academic license - for non-commercial use only

Gurobi 8.1.1 (linux64, Python) logging started Sat May 23 18:46:38 2020

Academic license - for non-commercial use only

Gurobi 8.1.1 (linux64, Python) logging started Sat May 23 18:47:48 2020

Academic license - for non-commercial use only

Gurobi 8.1.1 (linux64, Python) logging started Sat May 23 18:47:58 2020

Academic license - for non-commercial use only

Gurobi 8.1.1 (linux64, Python) logging started Sat May 23 18:53:56 2020

Academic license - for non-commercial use only

Gurobi 8.1.1 (linux64, Python) logging started Sat May 23 18:58:55 2020

Academic license - for non-commercial use only

Gurobi 8.1.1 (linux64, Python) logging started Sat May 23 18:59:55 2020

Academic license - for non-commercial use only

Gurobi 8.1.1 (linux64, Python) logging started Sat May 23 19:10:20 2020

Academic license - for non-commercial use only

Gurobi 8.1.1 (linux64, Python) logging started Sat May 23 19:10:21 2020

Academic license - for non-commercial use only

Gurobi 8.1.1 (linux64, Python) logging started Sat May 23 19:10:24 2020

Academic license - for non-commercial use only

Gurobi 8.1.1 (linux64, Python) logging started Sat May 23 19:15:06 2020

Academic license - for non-commercial use only

Gurobi 8.1.1 (linux64, Python) logging started Sat May 23 19:20:22 2020

Academic license - for non-commercial use only

Gurobi 8.1.1 (linux64, Python) logging started Sat May 23 19:20:25 2020

Academic license - for non-commercial use only

Gurobi 8.1.1 (linux64, Python) logging started Sat May 23 19:23:11 2020

Academic license - for non-commercial use only

Gurobi 8.1.1 (linux64, Python) logging started Sat May 23 19:27:06 2020

Academic license - for non-commercial use only

Gurobi 8.1.1 (linux64, Python) logging started Sat May 23 19:33:36 2020

Academic license - for non-commercial use only

Gurobi 8.1.1 (linux64, Python) logging started Sat May 23 19:35:40 2020

Academic license - for non-commercial use only

Gurobi 8.1.1 (linux64, Python) logging started Sat May 23 19:36:04 2020

Academic license - for non-commercial use only

Gurobi 8.1.1 (linux64, Python) logging started Sat May 23 19:51:55 2020

Academic license - for non-commercial use only

Gurobi 8.1.1 (linux64, Python) logging started Sat May 23 19:54:20 2020

Academic license - for non-commercial use only

Gurobi 8.1.1 (linux64, Python) logging started Sat May 23 19:55:43 2020

Academic license - for non-commercial use only

Gurobi 8.1.1 (linux64, Python) logging started Sat May 23 19:55:50 2020

Academic license - for non-commercial use only

Gurobi 8.1.1 (linux64, Python) logging started Sat May 23 21:00:44 2020

Academic license - for non-commercial use only

Gurobi 8.1.1 (linux64, Python) logging started Sat May 23 21:02:14 2020

Academic license - for non-commercial use only

Gurobi 8.1.1 (linux64, Python) logging started Sat May 23 21:03:29 2020

Academic license - for non-commercial use only

Gurobi 8.1.1 (linux64, Python) logging started Sat May 23 21:06:51 2020

Academic license - for non-commercial use only

Gurobi 8.1.1 (linux64, Python) logging started Sat May 23 21:06:56 2020

Academic license - for non-commercial use only

Gurobi 8.1.1 (linux64, Python) logging started Sat May 23 21:06:57 2020

Academic license - for non-commercial use only

Gurobi 8.1.1 (linux64, Python) logging started Sat May 23 21:06:59 2020

Academic license - for non-commercial use only

Gurobi 8.1.1 (linux64, Python) logging started Sat May 23 21:07:05 2020

Academic license - for non-commercial use only

Gurobi 8.1.1 (linux64, Python) logging started Sat May 23 21:08:02 2020

Academic license - for non-commercial use only

Gurobi 8.1.1 (linux64, Python) logging started Sat May 23 21:08:09 2020

Academic license - for non-commercial use only

Gurobi 8.1.1 (linux64, Python) logging started Sat May 23 21:09:21 2020

Academic license - for non-commercial use only

Gurobi 8.1.1 (linux64, Python) logging started Sat May 23 21:09:44 2020

Academic license - for non-commercial use only

Gurobi 8.1.1 (linux64, Python) logging started Sat May 23 21:09:50 2020

Academic license - for non-commercial use only

Gurobi 8.1.1 (linux64, Python) logging started Sat May 23 21:09:55 2020

Academic license - for non-commercial use only

Gurobi 8.1.1 (linux64, Python) logging started Sat May 23 21:09:58 2020

Academic license - for non-commercial use only

Gurobi 8.1.1 (linux64, Python) logging started Sat May 23 21:10:01 2020

Academic license - for non-commercial use only

Gurobi 8.1.1 (linux64, Python) logging started Sat May 23 21:10:02 2020

Academic license - for non-commercial use only

Gurobi 8.1.1 (linux64, Python) logging started Sat May 23 21:10:05 2020

Academic license - for non-commercial use only

Gurobi 8.1.1 (linux64, Python) logging started Sat May 23 21:10:06 2020

Academic license - for non-commercial use only

Gurobi 8.1.1 (linux64, Python) logging started Sat May 23 21:10:08 2020

Academic license - for non-commercial use only

Gurobi 8.1.1 (linux64, Python) logging started Sat May 23 21:10:10 2020

Academic license - for non-commercial use only

Gurobi 8.1.1 (linux64, Python) logging started Sat May 23 21:10:12 2020

Academic license - for non-commercial use only

Gurobi 8.1.1 (linux64, Python) logging started Sat May 23 21:10:17 2020

Academic license - for non-commercial use only

Gurobi 8.1.1 (linux64, Python) logging started Sat May 23 21:10:20 2020

Academic license - for non-commercial use only

Gurobi 8.1.1 (linux64, Python) logging started Sat May 23 21:10:22 2020

Academic license - for non-commercial use only

Gurobi 8.1.1 (linux64, Python) logging started Sat May 23 21:10:24 2020

Academic license - for non-commercial use only

Gurobi 8.1.1 (linux64, Python) logging started Sat May 23 21:10:26 2020

Academic license - for non-commercial use only

Gurobi 8.1.1 (linux64, Python) logging started Sat May 23 21:10:28 2020

Academic license - for non-commercial use only

Gurobi 8.1.1 (linux64, Python) logging started Mon Jun  1 12:17:15 2020

Academic license - for non-commercial use only

Gurobi 8.1.1 (linux64, Python) logging started Mon Jun  1 12:19:44 2020

Academic license - for non-commercial use only

Gurobi 8.1.1 (linux64, Python) logging started Mon Jun  1 12:21:14 2020

Academic license - for non-commercial use only

Gurobi 8.1.1 (linux64, Python) logging started Mon Jun  1 12:21:55 2020

Academic license - for non-commercial use only

Gurobi 8.1.1 (linux64, Python) logging started Mon Jun  1 12:26:31 2020

Academic license - for non-commercial use only

Gurobi 8.1.1 (linux64, Python) logging started Mon Jun  1 12:26:36 2020

Academic license - for non-commercial use only

Gurobi 8.1.1 (linux64, Python) logging started Mon Jun  1 12:26:41 2020

Academic license - for non-commercial use only

Gurobi 8.1.1 (linux64, Python) logging started Mon Jun  1 12:26:44 2020

Academic license - for non-commercial use only

Gurobi 8.1.1 (linux64, Python) logging started Mon Jun  1 12:27:45 2020

Academic license - for non-commercial use only

Gurobi 8.1.1 (linux64, Python) logging started Mon Jun  1 12:27:50 2020

Academic license - for non-commercial use only

Gurobi 8.1.1 (linux64, Python) logging started Mon Jun  1 12:27:53 2020

Academic license - for non-commercial use only

Gurobi 8.1.1 (linux64, Python) logging started Mon Jun  1 12:34:07 2020

Academic license - for non-commercial use only

Gurobi 8.1.1 (linux64, Python) logging started Mon Jun  1 12:35:39 2020

Academic license - for non-commercial use only

Gurobi 8.1.1 (linux64, Python) logging started Mon Jun  1 12:36:53 2020

Academic license - for non-commercial use only

Gurobi 8.1.1 (linux64, Python) logging started Mon Jun  1 12:48:08 2020

Academic license - for non-commercial use only

Gurobi 8.1.1 (linux64, Python) logging started Mon Jun  1 12:48:12 2020

Academic license - for non-commercial use only

Gurobi 8.1.1 (linux64, Python) logging started Mon Jun  1 12:48:15 2020

Academic license - for non-commercial use only

Gurobi 8.1.1 (linux64, Python) logging started Mon Jun  1 12:50:44 2020

Academic license - for non-commercial use only

Gurobi 8.1.1 (linux64, Python) logging started Mon Jun  1 12:51:23 2020

Academic license - for non-commercial use only

Gurobi 8.1.1 (linux64, Python) logging started Mon Jun  1 12:52:46 2020

Academic license - for non-commercial use only

Gurobi 8.1.1 (linux64, Python) logging started Mon Jun  1 12:53:37 2020

Academic license - for non-commercial use only

Gurobi 8.1.1 (linux64, Python) logging started Mon Jun  1 12:54:10 2020

Academic license - for non-commercial use only

Gurobi 8.1.1 (linux64, Python) logging started Mon Jun  1 12:55:13 2020

Academic license - for non-commercial use only

Gurobi 8.1.1 (linux64, Python) logging started Mon Jun  1 12:55:41 2020

Academic license - for non-commercial use only

Gurobi 8.1.1 (linux64, Python) logging started Mon Jun  1 12:56:02 2020

Academic license - for non-commercial use only

Gurobi 8.1.1 (linux64, Python) logging started Mon Jun  1 12:56:56 2020

Academic license - for non-commercial use only

Gurobi 8.1.1 (linux64, Python) logging started Mon Jun  1 12:58:07 2020

Academic license - for non-commercial use only

Gurobi 8.1.1 (linux64, Python) logging started Mon Jun  1 13:45:19 2020

Academic license - for non-commercial use only

Gurobi 8.1.1 (linux64, Python) logging started Mon Jun  1 13:45:30 2020

Academic license - for non-commercial use only

Gurobi 8.1.1 (linux64, Python) logging started Mon Jun  1 13:45:35 2020

Academic license - for non-commercial use only

Gurobi 8.1.1 (linux64, Python) logging started Mon Jun  1 13:45:42 2020

Academic license - for non-commercial use only

Gurobi 8.1.1 (linux64, Python) logging started Mon Jun  1 13:46:05 2020

Academic license - for non-commercial use only

Gurobi 8.1.1 (linux64, Python) logging started Mon Jun  1 20:25:38 2020

Academic license - for non-commercial use only

Gurobi 8.1.1 (linux64, Python) logging started Mon Oct  5 21:56:59 2020

Academic license - for non-commercial use only

Gurobi 8.1.1 (linux64, Python) logging started Mon Oct  5 21:58:55 2020

Academic license - for non-commercial use only

Gurobi 8.1.1 (linux64, Python) logging started Mon Oct  5 22:28:56 2020

Academic license - for non-commercial use only

Gurobi 8.1.1 (linux64, Python) logging started Mon Oct  5 22:29:05 2020

Academic license - for non-commercial use only

Gurobi 8.1.1 (linux64, Python) logging started Mon Oct  5 22:29:28 2020

Academic license - for non-commercial use only

Gurobi 8.1.1 (linux64, Python) logging started Mon Oct  5 22:29:35 2020

Academic license - for non-commercial use only

Gurobi 8.1.1 (linux64, Python) logging started Mon Oct  5 22:29:46 2020

Academic license - for non-commercial use only

Gurobi 8.1.1 (linux64, Python) logging started Mon Oct  5 22:30:41 2020

Academic license - for non-commercial use only

Gurobi 8.1.1 (linux64, Python) logging started Mon Oct  5 22:31:56 2020

Academic license - for non-commercial use only

Gurobi 8.1.1 (linux64, Python) logging started Mon Oct  5 22:35:27 2020

Academic license - for non-commercial use only

Gurobi 8.1.1 (linux64, Python) logging started Mon Oct  5 23:32:12 2020

Academic license - for non-commercial use only

Gurobi 8.1.1 (linux64, Python) logging started Tue Oct  6 00:02:40 2020

Academic license - for non-commercial use only

Gurobi 8.1.1 (linux64, Python) logging started Mon Oct 12 19:20:03 2020

Academic license - for non-commercial use only

Gurobi 8.1.1 (linux64, Python) logging started Mon Oct 12 19:21:48 2020

Academic license - for non-commercial use only

Gurobi 8.1.1 (linux64, Python) logging started Mon Oct 12 19:22:11 2020

Academic license - for non-commercial use only

Gurobi 8.1.1 (linux64, Python) logging started Mon Oct 12 19:22:34 2020

Academic license - for non-commercial use only

Gurobi 8.1.1 (linux64, Python) logging started Mon Oct 12 19:23:16 2020

Academic license - for non-commercial use only

Gurobi 8.1.1 (linux64, Python) logging started Mon Oct 12 19:28:14 2020

Academic license - for non-commercial use only

Gurobi 8.1.1 (linux64, Python) logging started Mon Oct 12 19:30:19 2020

Academic license - for non-commercial use only

Gurobi 8.1.1 (linux64, Python) logging started Mon Oct 12 20:26:43 2020

Academic license - for non-commercial use only

Gurobi 8.1.1 (linux64, Python) logging started Sat Oct 17 14:15:29 2020

Academic license - for non-commercial use only

Gurobi 8.1.1 (linux64, Python) logging started Sat Oct 17 14:31:08 2020

Academic license - for non-commercial use only

Gurobi 8.1.1 (linux64, Python) logging started Sat Oct 17 14:37:50 2020

Academic license - for non-commercial use only

Gurobi 8.1.1 (linux64, Python) logging started Sat Oct 17 14:42:56 2020

Academic license - for non-commercial use only

Gurobi 8.1.1 (linux64, Python) logging started Sat Oct 17 16:19:01 2020

Academic license - for non-commercial use only

Gurobi 8.1.1 (linux64, Python) logging started Sat Oct 17 16:20:04 2020

Academic license - for non-commercial use only

Gurobi 8.1.1 (linux64, Python) logging started Sat Oct 17 16:20:37 2020

Academic license - for non-commercial use only

Gurobi 8.1.1 (linux64, Python) logging started Sat Oct 17 16:22:45 2020

Academic license - for non-commercial use only

Gurobi 8.1.1 (linux64, Python) logging started Sat Oct 17 18:50:51 2020

Academic license - for non-commercial use only

Gurobi 8.1.1 (linux64, Python) logging started Sat Oct 17 18:52:03 2020

Academic license - for non-commercial use only

Gurobi 8.1.1 (linux64, Python) logging started Sat Oct 17 18:53:57 2020

Academic license - for non-commercial use only

Gurobi 8.1.1 (linux64, Python) logging started Sat Oct 17 18:55:09 2020

Academic license - for non-commercial use only

Gurobi 8.1.1 (linux64, Python) logging started Sat Oct 17 18:56:28 2020

Academic license - for non-commercial use only

Gurobi 8.1.1 (linux64, Python) logging started Sat Oct 17 19:00:07 2020

Academic license - for non-commercial use only

Gurobi 8.1.1 (linux64, Python) logging started Sat Oct 17 19:01:53 2020

Academic license - for non-commercial use only

Gurobi 8.1.1 (linux64, Python) logging started Sat Oct 17 19:03:12 2020

Academic license - for non-commercial use only

Gurobi 8.1.1 (linux64, Python) logging started Sat Oct 17 19:05:58 2020

Academic license - for non-commercial use only

Gurobi 8.1.1 (linux64, Python) logging started Sat Oct 17 19:06:35 2020

Academic license - for non-commercial use only

Gurobi 8.1.1 (linux64, Python) logging started Sat Oct 17 19:07:06 2020

Academic license - for non-commercial use only

Gurobi 8.1.1 (linux64, Python) logging started Sat Oct 17 19:11:48 2020

Academic license - for non-commercial use only

Gurobi 8.1.1 (linux64, Python) logging started Sat Oct 17 19:12:28 2020

Academic license - for non-commercial use only

Gurobi 8.1.1 (linux64, Python) logging started Sat Oct 17 19:16:51 2020

Academic license - for non-commercial use only

Gurobi 8.1.1 (linux64, Python) logging started Sat Oct 17 20:34:17 2020

Academic license - for non-commercial use only

Gurobi 8.1.1 (linux64, Python) logging started Sun Oct 18 00:32:49 2020

Academic license - for non-commercial use only

Gurobi 8.1.1 (linux64, Python) logging started Sun Oct 18 00:36:42 2020

Academic license - for non-commercial use only

Gurobi 8.1.1 (linux64, Python) logging started Sun Oct 18 18:30:51 2020

Academic license - for non-commercial use only

Gurobi 8.1.1 (linux64, Python) logging started Sun Oct 18 23:29:49 2020

Academic license - for non-commercial use only

Gurobi 8.1.1 (linux64, Python) logging started Fri Oct 30 19:08:40 2020

Academic license - for non-commercial use only

Gurobi 8.1.1 (linux64, Python) logging started Fri Oct 30 19:09:16 2020

Academic license - for non-commercial use only

Gurobi 8.1.1 (linux64, Python) logging started Fri Oct 30 19:09:49 2020

Academic license - for non-commercial use only

Gurobi 8.1.1 (linux64, Python) logging started Fri Oct 30 22:32:15 2020

Academic license - for non-commercial use only
