
Gurobi 8.1.1 (linux64, Python) logging started Tue Apr  7 01:54:51 2020

Academic license - for non-commercial use only

Gurobi 8.1.1 (linux64, Python) logging started Wed Apr 15 21:49:05 2020

Academic license - for non-commercial use only

Gurobi 8.1.1 (linux64, Python) logging started Wed Apr 15 21:50:04 2020

Academic license - for non-commercial use only

Gurobi 8.1.1 (linux64, Python) logging started Wed Apr 15 21:51:59 2020

Academic license - for non-commercial use only

Gurobi 8.1.1 (linux64, Python) logging started Wed Apr 15 21:52:52 2020

Academic license - for non-commercial use only

Gurobi 8.1.1 (linux64, Python) logging started Wed Apr 15 21:53:49 2020

Academic license - for non-commercial use only

Gurobi 8.1.1 (linux64, Python) logging started Wed Apr 15 21:55:07 2020

Academic license - for non-commercial use only

Gurobi 8.1.1 (linux64, Python) logging started Wed Apr 15 21:55:31 2020

Academic license - for non-commercial use only

Gurobi 8.1.1 (linux64, Python) logging started Wed Apr 15 21:57:57 2020

Academic license - for non-commercial use only

Gurobi 8.1.1 (linux64, Python) logging started Wed Apr 15 21:59:38 2020

Academic license - for non-commercial use only

Gurobi 8.1.1 (linux64, Python) logging started Wed Apr 15 22:00:12 2020

Academic license - for non-commercial use only

Gurobi 8.1.1 (linux64, Python) logging started Wed Apr 15 22:00:31 2020

Academic license - for non-commercial use only

Gurobi 8.1.1 (linux64, Python) logging started Thu Apr 16 11:19:11 2020

Academic license - for non-commercial use only

Gurobi 8.1.1 (linux64, Python) logging started Fri Apr 17 11:37:53 2020

Academic license - for non-commercial use only

Gurobi 8.1.1 (linux64, Python) logging started Fri Apr 17 11:44:04 2020

Academic license - for non-commercial use only

Gurobi 8.1.1 (linux64, Python) logging started Fri Apr 17 11:45:52 2020

Academic license - for non-commercial use only

Gurobi 8.1.1 (linux64, Python) logging started Fri Apr 17 11:45:59 2020

Academic license - for non-commercial use only

Gurobi 8.1.1 (linux64, Python) logging started Fri Apr 17 11:46:19 2020

Academic license - for non-commercial use only

Gurobi 8.1.1 (linux64, Python) logging started Sat Apr 18 05:00:21 2020

Academic license - for non-commercial use only

Gurobi 8.1.1 (linux64, Python) logging started Sat Apr 18 05:01:49 2020

Academic license - for non-commercial use only

Gurobi 8.1.1 (linux64, Python) logging started Sat Apr 18 05:02:20 2020

Academic license - for non-commercial use only

Gurobi 8.1.1 (linux64, Python) logging started Sat Apr 18 05:02:36 2020

Academic license - for non-commercial use only

Gurobi 8.1.1 (linux64, Python) logging started Sat Apr 18 05:02:59 2020

Academic license - for non-commercial use only

Gurobi 8.1.1 (linux64, Python) logging started Sat Apr 18 05:03:43 2020

Academic license - for non-commercial use only

Gurobi 8.1.1 (linux64, Python) logging started Sat Apr 18 05:15:25 2020

Academic license - for non-commercial use only

Gurobi 8.1.1 (linux64, Python) logging started Sat Apr 18 05:28:34 2020

Academic license - for non-commercial use only

Gurobi 8.1.1 (linux64, Python) logging started Sat Apr 18 05:30:00 2020

Academic license - for non-commercial use only

Gurobi 8.1.1 (linux64, Python) logging started Sat Apr 18 05:30:48 2020

Academic license - for non-commercial use only

Gurobi 8.1.1 (linux64, Python) logging started Sat Apr 18 05:31:31 2020

Academic license - for non-commercial use only

Gurobi 8.1.1 (linux64, Python) logging started Sat Apr 18 05:32:48 2020

Academic license - for non-commercial use only

Gurobi 8.1.1 (linux64, Python) logging started Sat Apr 18 05:38:34 2020

Academic license - for non-commercial use only

Gurobi 8.1.1 (linux64, Python) logging started Sat Apr 18 05:43:28 2020

Academic license - for non-commercial use only

Gurobi 8.1.1 (linux64, Python) logging started Sat Apr 18 06:03:10 2020

Academic license - for non-commercial use only

Gurobi 8.1.1 (linux64, Python) logging started Sat Apr 18 06:05:43 2020

Academic license - for non-commercial use only

Gurobi 8.1.1 (linux64, Python) logging started Sat Apr 18 06:07:42 2020

Academic license - for non-commercial use only

Gurobi 8.1.1 (linux64, Python) logging started Sat Apr 18 06:27:06 2020

Academic license - for non-commercial use only

Gurobi 8.1.1 (linux64, Python) logging started Sat Apr 18 06:27:26 2020

Academic license - for non-commercial use only

Gurobi 8.1.1 (linux64, Python) logging started Sat Apr 18 06:28:00 2020

Academic license - for non-commercial use only

Gurobi 8.1.1 (linux64, Python) logging started Sat Apr 18 10:04:13 2020

Academic license - for non-commercial use only

Gurobi 8.1.1 (linux64, Python) logging started Sat Apr 18 10:06:19 2020

Academic license - for non-commercial use only

Gurobi 8.1.1 (linux64, Python) logging started Sat Apr 18 10:07:23 2020

Academic license - for non-commercial use only

Gurobi 8.1.1 (linux64, Python) logging started Sat Apr 18 10:08:08 2020

Academic license - for non-commercial use only

Gurobi 8.1.1 (linux64, Python) logging started Sat Apr 18 10:11:17 2020

Academic license - for non-commercial use only

Gurobi 8.1.1 (linux64, Python) logging started Sat Apr 18 10:12:32 2020

Academic license - for non-commercial use only

Gurobi 8.1.1 (linux64, Python) logging started Sat Apr 18 20:13:48 2020

Academic license - for non-commercial use only

Gurobi 8.1.1 (linux64, Python) logging started Sat Apr 18 22:44:22 2020

Academic license - for non-commercial use only

Gurobi 8.1.1 (linux64, Python) logging started Sat Apr 18 22:44:44 2020

Academic license - for non-commercial use only

Gurobi 8.1.1 (linux64, Python) logging started Sat Apr 18 23:05:54 2020

Academic license - for non-commercial use only

Gurobi 8.1.1 (linux64, Python) logging started Sat Apr 18 23:12:14 2020

Academic license - for non-commercial use only

Gurobi 8.1.1 (linux64, Python) logging started Sat Apr 18 23:17:24 2020

Academic license - for non-commercial use only

Gurobi 8.1.1 (linux64, Python) logging started Sat Apr 18 23:37:58 2020

Academic license - for non-commercial use only

Gurobi 8.1.1 (linux64, Python) logging started Sat Apr 18 23:38:27 2020

Academic license - for non-commercial use only

Gurobi 8.1.1 (linux64, Python) logging started Sat Apr 18 23:40:44 2020

Academic license - for non-commercial use only

Gurobi 8.1.1 (linux64, Python) logging started Sat Apr 18 23:41:14 2020

Academic license - for non-commercial use only

Gurobi 8.1.1 (linux64, Python) logging started Sat Apr 18 23:53:11 2020

Academic license - for non-commercial use only

Gurobi 8.1.1 (linux64, Python) logging started Sat Apr 18 23:55:01 2020

Academic license - for non-commercial use only

Gurobi 8.1.1 (linux64, Python) logging started Sat Apr 18 23:55:39 2020

Academic license - for non-commercial use only

Gurobi 8.1.1 (linux64, Python) logging started Sat Apr 18 23:56:04 2020

Academic license - for non-commercial use only

Gurobi 8.1.1 (linux64, Python) logging started Sat Apr 18 23:57:05 2020

Academic license - for non-commercial use only

Gurobi 8.1.1 (linux64, Python) logging started Sat Apr 18 23:57:44 2020

Academic license - for non-commercial use only

Gurobi 8.1.1 (linux64, Python) logging started Sun Apr 19 00:03:48 2020

Academic license - for non-commercial use only

Gurobi 8.1.1 (linux64, Python) logging started Sun Apr 19 00:04:30 2020

Academic license - for non-commercial use only

Gurobi 8.1.1 (linux64, Python) logging started Sun Apr 19 00:07:48 2020

Academic license - for non-commercial use only

Gurobi 8.1.1 (linux64, Python) logging started Sun Apr 19 00:10:31 2020

Academic license - for non-commercial use only

Gurobi 8.1.1 (linux64, Python) logging started Sun Apr 19 13:47:10 2020

Academic license - for non-commercial use only

Gurobi 8.1.1 (linux64, Python) logging started Sun Apr 19 20:56:03 2020

Academic license - for non-commercial use only

Gurobi 8.1.1 (linux64, Python) logging started Sun Apr 19 20:58:53 2020

Academic license - for non-commercial use only

Gurobi 8.1.1 (linux64, Python) logging started Sun Apr 19 21:01:00 2020

Academic license - for non-commercial use only

Gurobi 8.1.1 (linux64, Python) logging started Sun Apr 19 21:13:47 2020

Academic license - for non-commercial use only

Gurobi 8.1.1 (linux64, Python) logging started Sun Apr 19 21:18:33 2020

Academic license - for non-commercial use only

Gurobi 8.1.1 (linux64, Python) logging started Sun Apr 19 21:35:02 2020

Academic license - for non-commercial use only

Gurobi 8.1.1 (linux64, Python) logging started Sun Apr 19 21:36:32 2020

Academic license - for non-commercial use only

Gurobi 8.1.1 (linux64, Python) logging started Sun Apr 19 21:38:21 2020

Academic license - for non-commercial use only

Gurobi 8.1.1 (linux64, Python) logging started Sun Apr 19 21:39:55 2020

Academic license - for non-commercial use only

Gurobi 8.1.1 (linux64, Python) logging started Sun Apr 19 21:40:39 2020

Academic license - for non-commercial use only

Gurobi 8.1.1 (linux64, Python) logging started Sun Apr 19 21:40:47 2020

Academic license - for non-commercial use only

Gurobi 8.1.1 (linux64, Python) logging started Sun Apr 19 21:41:20 2020

Academic license - for non-commercial use only

Gurobi 8.1.1 (linux64, Python) logging started Sun Apr 19 21:41:33 2020

Academic license - for non-commercial use only

Gurobi 8.1.1 (linux64, Python) logging started Sun Apr 19 21:41:40 2020

Academic license - for non-commercial use only

Gurobi 8.1.1 (linux64, Python) logging started Sun Apr 19 21:41:49 2020

Academic license - for non-commercial use only

Gurobi 8.1.1 (linux64, Python) logging started Sun Apr 19 21:42:26 2020

Academic license - for non-commercial use only

Gurobi 8.1.1 (linux64, Python) logging started Sun Apr 19 21:43:27 2020

Academic license - for non-commercial use only

Gurobi 8.1.1 (linux64, Python) logging started Sun Apr 19 21:44:06 2020

Academic license - for non-commercial use only

Gurobi 8.1.1 (linux64, Python) logging started Sun Apr 19 21:46:45 2020

Academic license - for non-commercial use only

Gurobi 8.1.1 (linux64, Python) logging started Sun Apr 19 21:49:43 2020

Academic license - for non-commercial use only

Gurobi 8.1.1 (linux64, Python) logging started Sat May  2 17:02:57 2020

Academic license - for non-commercial use only

Gurobi 8.1.1 (linux64, Python) logging started Sun May  3 17:36:51 2020

Academic license - for non-commercial use only

Gurobi 8.1.1 (linux64, Python) logging started Sun May  3 17:40:01 2020

Academic license - for non-commercial use only

Gurobi 8.1.1 (linux64, Python) logging started Sun May  3 17:40:45 2020

Academic license - for non-commercial use only

Gurobi 8.1.1 (linux64, Python) logging started Sun May  3 17:41:55 2020

Academic license - for non-commercial use only

Gurobi 8.1.1 (linux64, Python) logging started Sun May  3 17:42:03 2020

Academic license - for non-commercial use only

Gurobi 8.1.1 (linux64, Python) logging started Sun May  3 17:42:25 2020

Academic license - for non-commercial use only

Gurobi 8.1.1 (linux64, Python) logging started Sun May  3 17:43:06 2020

Academic license - for non-commercial use only

Gurobi 8.1.1 (linux64, Python) logging started Sun May  3 17:43:56 2020

Academic license - for non-commercial use only

Gurobi 8.1.1 (linux64, Python) logging started Sun May  3 17:46:31 2020

Academic license - for non-commercial use only

Gurobi 8.1.1 (linux64, Python) logging started Sun May  3 17:48:46 2020

Academic license - for non-commercial use only

Gurobi 8.1.1 (linux64, Python) logging started Sun May  3 18:08:41 2020

Academic license - for non-commercial use only

Gurobi 8.1.1 (linux64, Python) logging started Sun May  3 18:09:42 2020

Academic license - for non-commercial use only

Gurobi 8.1.1 (linux64, Python) logging started Sun May  3 18:10:53 2020

Academic license - for non-commercial use only

Gurobi 8.1.1 (linux64, Python) logging started Sun May  3 18:20:52 2020

Academic license - for non-commercial use only

Gurobi 8.1.1 (linux64, Python) logging started Sun May  3 18:21:52 2020

Academic license - for non-commercial use only

Gurobi 8.1.1 (linux64, Python) logging started Sun May  3 18:28:44 2020

Academic license - for non-commercial use only

Gurobi 8.1.1 (linux64, Python) logging started Sun May  3 22:15:58 2020

Academic license - for non-commercial use only

Gurobi 8.1.1 (linux64, Python) logging started Sun May  3 22:27:24 2020

Academic license - for non-commercial use only

Gurobi 8.1.1 (linux64, Python) logging started Sun May  3 22:29:46 2020

Academic license - for non-commercial use only

Gurobi 8.1.1 (linux64, Python) logging started Sun May  3 22:30:54 2020

Academic license - for non-commercial use only

Gurobi 8.1.1 (linux64, Python) logging started Sun May  3 22:33:02 2020

Academic license - for non-commercial use only

Gurobi 8.1.1 (linux64, Python) logging started Sun May  3 22:38:43 2020

Academic license - for non-commercial use only

Gurobi 8.1.1 (linux64, Python) logging started Sun May  3 22:41:33 2020

Academic license - for non-commercial use only

Gurobi 8.1.1 (linux64, Python) logging started Sun May  3 22:43:24 2020

Academic license - for non-commercial use only

Gurobi 8.1.1 (linux64, Python) logging started Sun May  3 22:45:25 2020

Academic license - for non-commercial use only

Gurobi 8.1.1 (linux64, Python) logging started Sun May  3 22:50:33 2020

Academic license - for non-commercial use only

Gurobi 8.1.1 (linux64, Python) logging started Sun May  3 22:51:48 2020

Academic license - for non-commercial use only

Gurobi 8.1.1 (linux64, Python) logging started Sun May  3 22:54:23 2020

Academic license - for non-commercial use only

Gurobi 8.1.1 (linux64, Python) logging started Sun May  3 23:43:23 2020

Academic license - for non-commercial use only

Gurobi 8.1.1 (linux64, Python) logging started Sun May  3 23:51:59 2020

Academic license - for non-commercial use only

Gurobi 8.1.1 (linux64, Python) logging started Sun May  3 23:54:55 2020

Academic license - for non-commercial use only

Gurobi 8.1.1 (linux64, Python) logging started Sun May  3 23:56:59 2020

Academic license - for non-commercial use only
Optimize a model with 670 rows, 300 columns and 1610 nonzeros
Model has 1826 quadratic constraints
Variable types: 0 continuous, 300 integer (300 binary)
Coefficient statistics:
  Matrix range     [1e+00, 1e+00]
  QMatrix range    [1e+00, 1e+00]
  QLMatrix range   [1e+00, 1e+00]
  Objective range  [1e+00, 1e+00]
  Bounds range     [1e+00, 1e+00]
  RHS range        [1e+00, 1e+00]
Presolve removed 345 rows and 125 columns
Presolve time: 0.06s
Presolved: 500 rows, 175 columns, 1275 nonzeros
Variable types: 0 continuous, 175 integer (175 binary)

Root relaxation: objective 5.000000e+00, 5 iterations, 0.00 seconds

    Nodes    |    Current Node    |     Objective Bounds      |     Work
 Expl Unexpl |  Obj  Depth IntInf | Incumbent    BestBd   Gap | It/Node Time

     0     0    5.00000    0    4          -    5.00000      -     -    0s
     0     0    5.00000    0    5          -    5.00000      -     -    0s
     0     0    5.00000    0    5          -    5.00000      -     -    0s
     0     2    5.00000    0    5          -    5.00000      -     -    0s
  5843  2551    5.00000   34    5          -    5.00000      -   4.2    5s

Explored 5844 nodes (25229 simplex iterations) in 5.93 seconds
Thread count was 8 (of 8 available processors)

Solution count 0

Model is infeasible
Best objective -, best bound -, gap -

Gurobi 8.1.1 (linux64, Python) logging started Mon May  4 00:13:25 2020

Academic license - for non-commercial use only
Optimize a model with 670 rows, 300 columns and 1610 nonzeros
Model has 1826 quadratic constraints
Variable types: 0 continuous, 300 integer (300 binary)
Coefficient statistics:
  Matrix range     [1e+00, 1e+00]
  QMatrix range    [1e+00, 1e+00]
  QLMatrix range   [1e+00, 1e+00]
  Objective range  [1e+00, 1e+00]
  Bounds range     [1e+00, 1e+00]
  RHS range        [1e+00, 1e+00]
Presolve removed 345 rows and 125 columns
Presolve time: 0.05s
Presolved: 325 rows, 175 columns, 925 nonzeros
Variable types: 0 continuous, 175 integer (175 binary)

Root relaxation: objective 5.000000e+00, 0 iterations, 0.00 seconds

    Nodes    |    Current Node    |     Objective Bounds      |     Work
 Expl Unexpl |  Obj  Depth IntInf | Incumbent    BestBd   Gap | It/Node Time

     0     0    5.00000    0    5          -    5.00000      -     -    0s
     0     0    5.00000    0    7          -    5.00000      -     -    0s
     0     0    5.00000    0    7          -    5.00000      -     -    0s
     0     2    5.00000    0    7          -    5.00000      -     -    0s
  8900  3548    5.00000   25    -          -    5.00000      -   3.1    5s
H11668  4807                       5.0000000    5.00000  0.00%   2.8    7s

Explored 11668 nodes (33245 simplex iterations) in 7.42 seconds
Thread count was 8 (of 8 available processors)

Solution count 1: 5 

Optimal solution found (tolerance 1.00e-04)
Best objective 5.000000000000e+00, best bound 5.000000000000e+00, gap 0.0000%

Gurobi 8.1.1 (linux64, Python) logging started Mon May  4 00:15:38 2020

Academic license - for non-commercial use only
Optimize a model with 3348 rows, 800 columns and 7174 nonzeros
Model has 12381 quadratic constraints
Variable types: 0 continuous, 800 integer (800 binary)
Coefficient statistics:
  Matrix range     [1e+00, 1e+00]
  QMatrix range    [1e+00, 1e+00]
  QLMatrix range   [1e+00, 1e+00]
  Objective range  [1e+00, 1e+00]
  Bounds range     [1e+00, 1e+00]
  RHS range        [1e+00, 1e+00]
Presolve removed 2732 rows and 449 columns
Presolve time: 0.37s
Presolved: 616 rows, 351 columns, 2097 nonzeros
Variable types: 0 continuous, 351 integer (351 binary)

Root relaxation: objective 5.000000e+00, 14 iterations, 0.00 seconds

    Nodes    |    Current Node    |     Objective Bounds      |     Work
 Expl Unexpl |  Obj  Depth IntInf | Incumbent    BestBd   Gap | It/Node Time

     0     0    5.00000    0    3          -    5.00000      -     -    0s
     0     0    5.00000    0    4          -    5.00000      -     -    0s
     0     0    5.00000    0    4          -    5.00000      -     -    0s
     0     2    5.00000    0    4          -    5.00000      -     -    0s
H 1781   949                       1.0000000    4.87500   388%   6.7    4s
  1784   951    4.00000   24   53    1.00000    4.00000   300%   6.7    5s
H 1796   911                       3.0000000    3.75000  25.0%   9.9    9s

Cutting planes:
  Gomory: 2
  Implied bound: 1
  Clique: 9
  Flow cover: 4
  Zero half: 21

Explored 1796 nodes (19603 simplex iterations) in 9.67 seconds
Thread count was 8 (of 8 available processors)

Solution count 2: 3 1 

Optimal solution found (tolerance 1.00e-04)
Best objective 3.000000000000e+00, best bound 3.000000000000e+00, gap 0.0000%

Gurobi 8.1.1 (linux64, Python) logging started Mon May  4 00:17:50 2020

Academic license - for non-commercial use only
Optimize a model with 2595 rows, 800 columns and 5496 nonzeros
Model has 7756 quadratic constraints
Variable types: 0 continuous, 800 integer (800 binary)
Coefficient statistics:
  Matrix range     [1e+00, 1e+00]
  QMatrix range    [1e+00, 1e+00]
  QLMatrix range   [1e+00, 1e+00]
  Objective range  [1e+00, 1e+00]
  Bounds range     [1e+00, 1e+00]
  RHS range        [1e+00, 1e+00]
Presolve removed 2071 rows and 520 columns
Presolve time: 0.24s
Presolved: 524 rows, 280 columns, 1644 nonzeros
Variable types: 0 continuous, 280 integer (280 binary)

Root relaxation: objective 5.000000e+00, 3 iterations, 0.00 seconds

    Nodes    |    Current Node    |     Objective Bounds      |     Work
 Expl Unexpl |  Obj  Depth IntInf | Incumbent    BestBd   Gap | It/Node Time

     0     0    5.00000    0    1          -    5.00000      -     -    0s
     0     0    5.00000    0    2          -    5.00000      -     -    0s
     0     0    5.00000    0    2          -    5.00000      -     -    0s
     0     2    5.00000    0    2          -    5.00000      -     -    0s
H  614    39                       5.0000000    5.00000  0.00%   4.3    1s

Explored 733 nodes (3302 simplex iterations) in 1.60 seconds
Thread count was 8 (of 8 available processors)

Solution count 1: 5 

Optimal solution found (tolerance 1.00e-04)
Best objective 5.000000000000e+00, best bound 5.000000000000e+00, gap 0.0000%

Gurobi 8.1.1 (linux64, Python) logging started Mon May  4 00:18:16 2020

Academic license - for non-commercial use only
Optimize a model with 2749 rows, 800 columns and 5868 nonzeros
Model has 8846 quadratic constraints
Variable types: 0 continuous, 800 integer (800 binary)
Coefficient statistics:
  Matrix range     [1e+00, 1e+00]
  QMatrix range    [1e+00, 1e+00]
  QLMatrix range   [1e+00, 1e+00]
  Objective range  [1e+00, 1e+00]
  Bounds range     [1e+00, 1e+00]
  RHS range        [1e+00, 1e+00]
Presolve removed 2220 rows and 488 columns
Presolve time: 0.28s
Presolved: 529 rows, 312 columns, 1811 nonzeros
Variable types: 0 continuous, 312 integer (312 binary)

Root relaxation: objective 5.000000e+00, 12 iterations, 0.00 seconds

    Nodes    |    Current Node    |     Objective Bounds      |     Work
 Expl Unexpl |  Obj  Depth IntInf | Incumbent    BestBd   Gap | It/Node Time

     0     0    5.00000    0    4          -    5.00000      -     -    0s
     0     0    5.00000    0    6          -    5.00000      -     -    0s
     0     0    5.00000    0    6          -    5.00000      -     -    0s
     0     2    5.00000    0    6          -    5.00000      -     -    0s
* 1765   927              14       4.0000000    4.00000  0.00%   6.7    2s

Explored 1765 nodes (12463 simplex iterations) in 2.57 seconds
Thread count was 8 (of 8 available processors)

Solution count 1: 4 

Optimal solution found (tolerance 1.00e-04)
Best objective 4.000000000000e+00, best bound 4.000000000000e+00, gap 0.0000%

Gurobi 8.1.1 (linux64, Python) logging started Mon May  4 00:19:00 2020

Academic license - for non-commercial use only
Optimize a model with 2577 rows, 700 columns and 5536 nonzeros
Model has 8821 quadratic constraints
Variable types: 0 continuous, 700 integer (700 binary)
Coefficient statistics:
  Matrix range     [1e+00, 1e+00]
  QMatrix range    [1e+00, 1e+00]
  QLMatrix range   [1e+00, 1e+00]
  Objective range  [1e+00, 1e+00]
  Bounds range     [1e+00, 1e+00]
  RHS range        [1e+00, 1e+00]
Presolve removed 2070 rows and 395 columns
Presolve time: 0.28s
Presolved: 507 rows, 305 columns, 1773 nonzeros
Variable types: 0 continuous, 305 integer (305 binary)

Root relaxation: objective 5.000000e+00, 8 iterations, 0.00 seconds

    Nodes    |    Current Node    |     Objective Bounds      |     Work
 Expl Unexpl |  Obj  Depth IntInf | Incumbent    BestBd   Gap | It/Node Time

     0     0    5.00000    0    9          -    5.00000      -     -    0s
     0     0    5.00000    0    4          -    5.00000      -     -    0s
     0     0    5.00000    0    2          -    5.00000      -     -    0s
     0     0    5.00000    0    2          -    5.00000      -     -    0s
     0     0    5.00000    0    2          -    5.00000      -     -    0s
     0     2    5.00000    0    2          -    5.00000      -     -    0s
  2574  1295    4.00000   10    2          -    4.00000      -   5.5    5s
H 2574  1230                       2.0000000    4.00000   100%   5.5    5s
H 2577  1170                       3.0000000    3.94737  31.6%   5.5    6s

Cutting planes:
  Gomory: 1
  Clique: 3
  Flow cover: 1

Explored 2577 nodes (15647 simplex iterations) in 6.10 seconds
Thread count was 8 (of 8 available processors)

Solution count 2: 3 2 

Optimal solution found (tolerance 1.00e-04)
Best objective 3.000000000000e+00, best bound 3.000000000000e+00, gap 0.0000%

Gurobi 8.1.1 (linux64, Python) logging started Mon May  4 02:04:30 2020

Academic license - for non-commercial use only
Optimize a model with 2241 rows, 700 columns and 4760 nonzeros
Model has 6621 quadratic constraints
Variable types: 0 continuous, 700 integer (700 binary)
Coefficient statistics:
  Matrix range     [1e+00, 1e+00]
  QMatrix range    [1e+00, 1e+00]
  QLMatrix range   [1e+00, 1e+00]
  Objective range  [1e+00, 1e+00]
  Bounds range     [1e+00, 1e+00]
  RHS range        [1e+00, 1e+00]
Presolve removed 1828 rows and 463 columns
Presolve time: 0.18s
Presolved: 413 rows, 237 columns, 1317 nonzeros
Variable types: 0 continuous, 237 integer (237 binary)

Root relaxation: objective 5.000000e+00, 7 iterations, 0.00 seconds

    Nodes    |    Current Node    |     Objective Bounds      |     Work
 Expl Unexpl |  Obj  Depth IntInf | Incumbent    BestBd   Gap | It/Node Time

     0     0    5.00000    0    4          -    5.00000      -     -    0s
     0     0    5.00000    0    2          -    5.00000      -     -    0s
     0     0    5.00000    0    6          -    5.00000      -     -    0s
     0     0    5.00000    0    6          -    5.00000      -     -    0s
     0     2    5.00000    0    6          -    5.00000      -     -    0s
* 2856  1403              18       3.0000000    3.00000  0.00%   5.4    4s

Cutting planes:
  Gomory: 2
  Zero half: 1

Explored 2856 nodes (16753 simplex iterations) in 4.05 seconds
Thread count was 8 (of 8 available processors)

Solution count 1: 3 

Optimal solution found (tolerance 1.00e-04)
Best objective 3.000000000000e+00, best bound 3.000000000000e+00, gap 0.0000%

Gurobi 8.1.1 (linux64, Python) logging started Mon May  4 02:09:02 2020

Academic license - for non-commercial use only
Optimize a model with 3165 rows, 800 columns and 6812 nonzeros
Model has 11486 quadratic constraints
Variable types: 0 continuous, 800 integer (800 binary)
Coefficient statistics:
  Matrix range     [1e+00, 1e+00]
  QMatrix range    [1e+00, 1e+00]
  QLMatrix range   [1e+00, 1e+00]
  Objective range  [1e+00, 1e+00]
  Bounds range     [1e+00, 1e+00]
  RHS range        [1e+00, 1e+00]
Presolve removed 2506 rows and 431 columns
Presolve time: 0.37s
Presolved: 659 rows, 369 columns, 2225 nonzeros
Variable types: 0 continuous, 369 integer (369 binary)

Root relaxation: objective 5.000000e+00, 26 iterations, 0.00 seconds

    Nodes    |    Current Node    |     Objective Bounds      |     Work
 Expl Unexpl |  Obj  Depth IntInf | Incumbent    BestBd   Gap | It/Node Time

     0     0    5.00000    0   17          -    5.00000      -     -    0s
     0     0    5.00000    0    3          -    5.00000      -     -    0s
     0     0    5.00000    0    4          -    5.00000      -     -    0s
     0     0    5.00000    0    8          -    5.00000      -     -    0s
     0     0    5.00000    0    8          -    5.00000      -     -    0s
     0     2    5.00000    0    8          -    5.00000      -     -    0s
H 1302   787                       1.0000000    4.50000   350%   7.3    4s
  1308   791    4.00000   22   51    1.00000    4.00000   300%   7.2    5s
H 1309   752                       3.0000000    4.00000  33.3%   7.2    5s

Cutting planes:
  Gomory: 4
  Implied bound: 3
  Clique: 25
  Flow cover: 11
  Zero half: 16

Explored 1310 nodes (13348 simplex iterations) in 5.88 seconds
Thread count was 8 (of 8 available processors)

Solution count 2: 3 1 

Optimal solution found (tolerance 1.00e-04)
Best objective 3.000000000000e+00, best bound 3.000000000000e+00, gap 0.0000%

Gurobi 8.1.1 (linux64, Python) logging started Mon May  4 02:11:18 2020

Academic license - for non-commercial use only
Optimize a model with 1943 rows, 600 columns and 4192 nonzeros
Model has 6046 quadratic constraints
Variable types: 0 continuous, 600 integer (600 binary)
Coefficient statistics:
  Matrix range     [1e+00, 1e+00]
  QMatrix range    [1e+00, 1e+00]
  QLMatrix range   [1e+00, 1e+00]
  Objective range  [1e+00, 1e+00]
  Bounds range     [1e+00, 1e+00]
  RHS range        [1e+00, 1e+00]
Presolve removed 1528 rows and 351 columns
Presolve time: 0.18s
Presolved: 415 rows, 249 columns, 1303 nonzeros
Variable types: 0 continuous, 249 integer (249 binary)

Root relaxation: objective 5.000000e+00, 8 iterations, 0.00 seconds

    Nodes    |    Current Node    |     Objective Bounds      |     Work
 Expl Unexpl |  Obj  Depth IntInf | Incumbent    BestBd   Gap | It/Node Time

     0     0    5.00000    0    1          -    5.00000      -     -    0s
     0     0    5.00000    0    6          -    5.00000      -     -    0s
     0     0    5.00000    0    6          -    5.00000      -     -    0s
     0     2    5.00000    0    6          -    5.00000      -     -    0s
  3953  1854    4.00000   15    6          -    4.00000      -   5.5    5s
H 3954  1762                       4.0000000    4.00000  0.00%   5.5    5s

Explored 3954 nodes (22153 simplex iterations) in 5.70 seconds
Thread count was 8 (of 8 available processors)

Solution count 1: 4 

Optimal solution found (tolerance 1.00e-04)
Best objective 4.000000000000e+00, best bound 4.000000000000e+00, gap 0.0000%

Gurobi 8.1.1 (linux64, Python) logging started Mon May  4 12:15:21 2020

Academic license - for non-commercial use only
Optimize a model with 3268 rows, 1000 columns and 6878 nonzeros
Model has 9751 quadratic constraints
Variable types: 0 continuous, 1000 integer (1000 binary)
Coefficient statistics:
  Matrix range     [1e+00, 1e+00]
  QMatrix range    [1e+00, 1e+00]
  QLMatrix range   [1e+00, 1e+00]
  Objective range  [1e+00, 1e+00]
  Bounds range     [1e+00, 1e+00]
  RHS range        [1e+00, 1e+00]
Presolve removed 2663 rows and 680 columns
Presolve time: 0.30s
Presolved: 605 rows, 320 columns, 1973 nonzeros
Variable types: 0 continuous, 320 integer (320 binary)

Root relaxation: objective 5.000000e+00, 2 iterations, 0.00 seconds

    Nodes    |    Current Node    |     Objective Bounds      |     Work
 Expl Unexpl |  Obj  Depth IntInf | Incumbent    BestBd   Gap | It/Node Time

     0     0    5.00000    0    4          -    5.00000      -     -    0s
     0     0    5.00000    0    4          -    5.00000      -     -    0s
     0     0    5.00000    0    3          -    5.00000      -     -    0s
     0     0    5.00000    0    6          -    5.00000      -     -    0s
     0     0    5.00000    0    6          -    5.00000      -     -    0s
     0     2    5.00000    0    6          -    5.00000      -     -    0s
H  340    48                       5.0000000    5.00000  0.00%   5.1    1s

Explored 385 nodes (2111 simplex iterations) in 1.63 seconds
Thread count was 8 (of 8 available processors)

Solution count 1: 5 

Optimal solution found (tolerance 1.00e-04)
Best objective 5.000000000000e+00, best bound 5.000000000000e+00, gap 0.0000%

Gurobi 8.1.1 (linux64, Python) logging started Mon May  4 12:18:23 2020

Academic license - for non-commercial use only
Optimize a model with 2550 rows, 800 columns and 5374 nonzeros
Model has 7371 quadratic constraints
Variable types: 0 continuous, 800 integer (800 binary)
Coefficient statistics:
  Matrix range     [1e+00, 1e+00]
  QMatrix range    [1e+00, 1e+00]
  QLMatrix range   [1e+00, 1e+00]
  Objective range  [1e+00, 1e+00]
  Bounds range     [1e+00, 1e+00]
  RHS range        [1e+00, 1e+00]
Presolve removed 2117 rows and 527 columns
Presolve time: 0.23s
Presolved: 433 rows, 273 columns, 1410 nonzeros
Variable types: 0 continuous, 273 integer (273 binary)

Root relaxation: objective 5.000000e+00, 8 iterations, 0.00 seconds

    Nodes    |    Current Node    |     Objective Bounds      |     Work
 Expl Unexpl |  Obj  Depth IntInf | Incumbent    BestBd   Gap | It/Node Time

     0     0    5.00000    0    1          -    5.00000      -     -    0s
     0     0    5.00000    0    4          -    5.00000      -     -    0s
     0     0    5.00000    0    4          -    5.00000      -     -    0s
     0     2    5.00000    0    4          -    5.00000      -     -    0s
* 2929  1380              29       4.0000000    4.00000  0.00%   5.7    4s

Explored 2929 nodes (17077 simplex iterations) in 4.65 seconds
Thread count was 8 (of 8 available processors)

Solution count 1: 4 

Optimal solution found (tolerance 1.00e-04)
Best objective 4.000000000000e+00, best bound 4.000000000000e+00, gap 0.0000%

Gurobi 8.1.1 (linux64, Python) logging started Mon May  4 12:21:15 2020

Academic license - for non-commercial use only
Optimize a model with 2881 rows, 800 columns and 6186 nonzeros
Model has 9776 quadratic constraints
Variable types: 0 continuous, 800 integer (800 binary)
Coefficient statistics:
  Matrix range     [1e+00, 1e+00]
  QMatrix range    [1e+00, 1e+00]
  QLMatrix range   [1e+00, 1e+00]
  Objective range  [1e+00, 1e+00]
  Bounds range     [1e+00, 1e+00]
  RHS range        [1e+00, 1e+00]
Presolve removed 2287 rows and 451 columns
Presolve time: 0.32s
Presolved: 594 rows, 349 columns, 2027 nonzeros
Variable types: 0 continuous, 349 integer (349 binary)

Root relaxation: objective 5.000000e+00, 14 iterations, 0.00 seconds

    Nodes    |    Current Node    |     Objective Bounds      |     Work
 Expl Unexpl |  Obj  Depth IntInf | Incumbent    BestBd   Gap | It/Node Time

     0     0    5.00000    0    6          -    5.00000      -     -    0s
     0     0    5.00000    0    2          -    5.00000      -     -    0s
     0     0    5.00000    0    6          -    5.00000      -     -    0s
     0     0    5.00000    0    3          -    5.00000      -     -    0s
     0     0    5.00000    0    3          -    5.00000      -     -    0s
     0     2    5.00000    0    3          -    5.00000      -     -    0s
  4602  2289    5.00000   48    3          -    5.00000      -   5.5    6s
H 4606  2178                       2.0000000    4.75000   138%   5.7    8s
H 4607  2070                       4.0000000    4.75000  18.8%   5.6    8s

Explored 4607 nodes (26894 simplex iterations) in 8.60 seconds
Thread count was 8 (of 8 available processors)

Solution count 2: 4 2 

Optimal solution found (tolerance 1.00e-04)
Best objective 4.000000000000e+00, best bound 4.000000000000e+00, gap 0.0000%

Gurobi 8.1.1 (linux64, Python) logging started Mon May  4 12:28:58 2020

Academic license - for non-commercial use only
Optimize a model with 1162 rows, 400 columns and 2588 nonzeros
Model has 3481 quadratic constraints
Variable types: 0 continuous, 400 integer (400 binary)
Coefficient statistics:
  Matrix range     [1e+00, 1e+00]
  QMatrix range    [1e+00, 1e+00]
  QLMatrix range   [1e+00, 1e+00]
  Objective range  [1e+00, 1e+00]
  Bounds range     [1e+00, 1e+00]
  RHS range        [1e+00, 1e+00]
Presolve removed 817 rows and 205 columns
Presolve time: 0.10s
Presolved: 345 rows, 195 columns, 1054 nonzeros
Variable types: 0 continuous, 195 integer (195 binary)

Root relaxation: objective 5.000000e+00, 2 iterations, 0.00 seconds

    Nodes    |    Current Node    |     Objective Bounds      |     Work
 Expl Unexpl |  Obj  Depth IntInf | Incumbent    BestBd   Gap | It/Node Time

     0     0    5.00000    0    4          -    5.00000      -     -    0s
     0     0    5.00000    0    4          -    5.00000      -     -    0s
     0     0    5.00000    0    4          -    5.00000      -     -    0s
     0     2    5.00000    0    4          -    5.00000      -     -    0s
H  300    33                       5.0000000    5.00000  0.00%   5.8    0s

Explored 374 nodes (2203 simplex iterations) in 0.34 seconds
Thread count was 8 (of 8 available processors)

Solution count 1: 5 

Optimal solution found (tolerance 1.00e-04)
Best objective 5.000000000000e+00, best bound 5.000000000000e+00, gap 0.0000%

Gurobi 8.1.1 (linux64, Python) logging started Mon May  4 12:32:04 2020

Academic license - for non-commercial use only
Optimize a model with 1200 rows, 400 columns and 2648 nonzeros
Model has 3591 quadratic constraints
Variable types: 0 continuous, 400 integer (400 binary)
Coefficient statistics:
  Matrix range     [1e+00, 1e+00]
  QMatrix range    [1e+00, 1e+00]
  QLMatrix range   [1e+00, 1e+00]
  Objective range  [1e+00, 1e+00]
  Bounds range     [1e+00, 1e+00]
  RHS range        [1e+00, 1e+00]
Presolve removed 883 rows and 229 columns
Presolve time: 0.09s
Presolved: 317 rows, 171 columns, 973 nonzeros
Variable types: 0 continuous, 171 integer (171 binary)

Root relaxation: objective 5.000000e+00, 4 iterations, 0.00 seconds

    Nodes    |    Current Node    |     Objective Bounds      |     Work
 Expl Unexpl |  Obj  Depth IntInf | Incumbent    BestBd   Gap | It/Node Time

     0     0    5.00000    0    4          -    5.00000      -     -    0s
     0     0    5.00000    0    4          -    5.00000      -     -    0s
     0     0    5.00000    0    4          -    5.00000      -     -    0s
     0     2    5.00000    0    4          -    5.00000      -     -    0s
* 3761  1687              12       4.0000000    4.00000  0.00%   5.7    2s

Explored 3761 nodes (22034 simplex iterations) in 2.26 seconds
Thread count was 8 (of 8 available processors)

Solution count 1: 4 

Optimal solution found (tolerance 1.00e-04)
Best objective 4.000000000000e+00, best bound 4.000000000000e+00, gap 0.0000%

Gurobi 8.1.1 (linux64, Python) logging started Mon May  4 12:33:33 2020

Academic license - for non-commercial use only
Optimize a model with 2674 rows, 800 columns and 5660 nonzeros
Model has 8181 quadratic constraints
Variable types: 0 continuous, 800 integer (800 binary)
Coefficient statistics:
  Matrix range     [1e+00, 1e+00]
  QMatrix range    [1e+00, 1e+00]
  QLMatrix range   [1e+00, 1e+00]
  Objective range  [1e+00, 1e+00]
  Bounds range     [1e+00, 1e+00]
  RHS range        [1e+00, 1e+00]
Presolve removed 2217 rows and 525 columns
Presolve time: 0.24s
Presolved: 457 rows, 275 columns, 1480 nonzeros
Variable types: 0 continuous, 275 integer (275 binary)

Root relaxation: objective 5.000000e+00, 10 iterations, 0.00 seconds

    Nodes    |    Current Node    |     Objective Bounds      |     Work
 Expl Unexpl |  Obj  Depth IntInf | Incumbent    BestBd   Gap | It/Node Time

     0     0    5.00000    0    2          -    5.00000      -     -    0s
     0     0    5.00000    0    4          -    5.00000      -     -    0s
     0     0    5.00000    0    4          -    5.00000      -     -    0s
     0     2    5.00000    0    4          -    5.00000      -     -    0s
  2801  1413    5.00000   29    4          -    5.00000      -   5.5    5s
H 2801  1342                      -0.0000000    5.00000      -   5.5    5s
H 2802  1276                       3.0000000    5.00000  66.7%   5.5    5s
H 2802  1212                       4.0000000    5.00000  25.0%   5.5    5s

Cutting planes:
  Gomory: 1
  Clique: 1
  Zero half: 2

Explored 2803 nodes (15771 simplex iterations) in 5.28 seconds
Thread count was 8 (of 8 available processors)

Solution count 3: 4 3 -0 

Optimal solution found (tolerance 1.00e-04)
Best objective 4.000000000000e+00, best bound 4.000000000000e+00, gap 0.0000%

Gurobi 8.1.1 (linux64, Python) logging started Mon May  4 12:34:25 2020

Academic license - for non-commercial use only
Optimize a model with 1833 rows, 600 columns and 3906 nonzeros
Model has 5166 quadratic constraints
Variable types: 0 continuous, 600 integer (600 binary)
Coefficient statistics:
  Matrix range     [1e+00, 1e+00]
  QMatrix range    [1e+00, 1e+00]
  QLMatrix range   [1e+00, 1e+00]
  Objective range  [1e+00, 1e+00]
  Bounds range     [1e+00, 1e+00]
  RHS range        [1e+00, 1e+00]
Presolve removed 1491 rows and 400 columns
Presolve time: 0.14s
Presolved: 342 rows, 200 columns, 1140 nonzeros
Variable types: 0 continuous, 200 integer (200 binary)

Root relaxation: objective 5.000000e+00, 6 iterations, 0.00 seconds

    Nodes    |    Current Node    |     Objective Bounds      |     Work
 Expl Unexpl |  Obj  Depth IntInf | Incumbent    BestBd   Gap | It/Node Time

     0     0    5.00000    0    8          -    5.00000      -     -    0s
     0     0    5.00000    0    4          -    5.00000      -     -    0s
     0     0    5.00000    0    4          -    5.00000      -     -    0s
     0     0    5.00000    0    4          -    5.00000      -     -    0s
     0     2    5.00000    0    4          -    5.00000      -     -    0s
* 1782   912               9       4.0000000    4.00000  0.00%   6.5    1s

Explored 1782 nodes (12162 simplex iterations) in 1.32 seconds
Thread count was 8 (of 8 available processors)

Solution count 1: 4 

Optimal solution found (tolerance 1.00e-04)
Best objective 4.000000000000e+00, best bound 4.000000000000e+00, gap 0.0000%

Gurobi 8.1.1 (linux64, Python) logging started Mon May  4 12:37:31 2020

Academic license - for non-commercial use only
Optimize a model with 3016 rows, 800 columns and 6454 nonzeros
Model has 10441 quadratic constraints
Variable types: 0 continuous, 800 integer (800 binary)
Coefficient statistics:
  Matrix range     [1e+00, 1e+00]
  QMatrix range    [1e+00, 1e+00]
  QLMatrix range   [1e+00, 1e+00]
  Objective range  [1e+00, 1e+00]
  Bounds range     [1e+00, 1e+00]
  RHS range        [1e+00, 1e+00]
Presolve removed 2476 rows and 459 columns
Presolve time: 0.33s
Presolved: 540 rows, 341 columns, 1902 nonzeros
Variable types: 0 continuous, 341 integer (341 binary)

Root relaxation: objective 5.000000e+00, 25 iterations, 0.00 seconds

    Nodes    |    Current Node    |     Objective Bounds      |     Work
 Expl Unexpl |  Obj  Depth IntInf | Incumbent    BestBd   Gap | It/Node Time

     0     0    5.00000    0    9          -    5.00000      -     -    0s
     0     0    5.00000    0    6          -    5.00000      -     -    0s
     0     0    5.00000    0    2          -    5.00000      -     -    0s
     0     0    5.00000    0    2          -    5.00000      -     -    0s
     0     0    5.00000    0    4          -    5.00000      -     -    0s
     0     0    5.00000    0    4          -    5.00000      -     -    0s
     0     2    5.00000    0    4          -    5.00000      -     -    0s
H 1090   657                       1.0000000    5.00000   400%   8.9    3s
H 1091   625                       2.0000000    5.00000   150%   8.9    3s
H 1093   595                       3.0000000    4.18519  39.5%   8.8    3s
  1105   604    4.00000   29   55    3.00000    4.00000  33.3%  10.1    5s

Cutting planes:
  Gomory: 4
  Clique: 24
  Flow cover: 10
  Inf proof: 1
  Zero half: 10

Explored 1117 nodes (16003 simplex iterations) in 6.48 seconds
Thread count was 8 (of 8 available processors)

Solution count 3: 3 2 1 

Optimal solution found (tolerance 1.00e-04)
Best objective 3.000000000000e+00, best bound 3.000000000000e+00, gap 0.0000%

Gurobi 8.1.1 (linux64, Python) logging started Mon May  4 12:38:51 2020

Academic license - for non-commercial use only
Optimize a model with 3199 rows, 900 columns and 6866 nonzeros
Model has 10811 quadratic constraints
Variable types: 0 continuous, 900 integer (900 binary)
Coefficient statistics:
  Matrix range     [1e+00, 1e+00]
  QMatrix range    [1e+00, 1e+00]
  QLMatrix range   [1e+00, 1e+00]
  Objective range  [1e+00, 1e+00]
  Bounds range     [1e+00, 1e+00]
  RHS range        [1e+00, 1e+00]
Presolve removed 2579 rows and 534 columns
Presolve time: 0.34s
Presolved: 620 rows, 366 columns, 2096 nonzeros
Variable types: 0 continuous, 366 integer (366 binary)

Root relaxation: objective 5.000000e+00, 23 iterations, 0.00 seconds

    Nodes    |    Current Node    |     Objective Bounds      |     Work
 Expl Unexpl |  Obj  Depth IntInf | Incumbent    BestBd   Gap | It/Node Time

     0     0    5.00000    0    4          -    5.00000      -     -    0s
     0     0    5.00000    0    4          -    5.00000      -     -    0s
     0     0    5.00000    0    4          -    5.00000      -     -    0s
     0     0    5.00000    0    4          -    5.00000      -     -    0s
     0     2    5.00000    0    4          -    5.00000      -     -    0s
  2263  1204    5.00000   22    4          -    5.00000      -   5.4    5s
H 2263  1143                       5.0000000    5.00000  0.00%   5.4    5s

Explored 2263 nodes (12821 simplex iterations) in 5.16 seconds
Thread count was 8 (of 8 available processors)

Solution count 1: 5 

Optimal solution found (tolerance 1.00e-04)
Best objective 5.000000000000e+00, best bound 5.000000000000e+00, gap 0.0000%

Gurobi 8.1.1 (linux64, Python) logging started Mon May  4 12:56:09 2020

Academic license - for non-commercial use only
Optimize a model with 2379 rows, 700 columns and 5114 nonzeros
Model has 7701 quadratic constraints
Variable types: 0 continuous, 700 integer (700 binary)
Coefficient statistics:
  Matrix range     [1e+00, 1e+00]
  QMatrix range    [1e+00, 1e+00]
  QLMatrix range   [1e+00, 1e+00]
  Objective range  [1e+00, 1e+00]
  Bounds range     [1e+00, 1e+00]
  RHS range        [1e+00, 1e+00]
Presolve removed 1856 rows and 405 columns
Presolve time: 0.25s
Presolved: 523 rows, 295 columns, 1690 nonzeros
Variable types: 0 continuous, 295 integer (295 binary)

Root relaxation: objective 5.000000e+00, 13 iterations, 0.00 seconds

    Nodes    |    Current Node    |     Objective Bounds      |     Work
 Expl Unexpl |  Obj  Depth IntInf | Incumbent    BestBd   Gap | It/Node Time

     0     0    5.00000    0    2          -    5.00000      -     -    0s
     0     0    5.00000    0    2          -    5.00000      -     -    0s
     0     0    5.00000    0    2          -    5.00000      -     -    0s
     0     2    5.00000    0    2          -    5.00000      -     -    0s
H 1825   956                       1.0000000    5.00000   400%   6.4    4s
H 1826   909                       4.0000000    5.00000  25.0%   6.4    4s

Cutting planes:
  Gomory: 1
  Zero half: 3

Explored 1827 nodes (12315 simplex iterations) in 4.26 seconds
Thread count was 8 (of 8 available processors)

Solution count 2: 4 1 

Optimal solution found (tolerance 1.00e-04)
Best objective 4.000000000000e+00, best bound 4.000000000000e+00, gap 0.0000%

Gurobi 8.1.1 (linux64, Python) logging started Mon May  4 12:57:06 2020

Academic license - for non-commercial use only
Optimize a model with 2461 rows, 800 columns and 5208 nonzeros
Model has 6986 quadratic constraints
Variable types: 0 continuous, 800 integer (800 binary)
Coefficient statistics:
  Matrix range     [1e+00, 1e+00]
  QMatrix range    [1e+00, 1e+00]
  QLMatrix range   [1e+00, 1e+00]
  Objective range  [1e+00, 1e+00]
  Bounds range     [1e+00, 1e+00]
  RHS range        [1e+00, 1e+00]
Presolve removed 2010 rows and 538 columns
Presolve time: 0.20s
Presolved: 451 rows, 262 columns, 1435 nonzeros
Variable types: 0 continuous, 262 integer (262 binary)

Root relaxation: objective 5.000000e+00, 5 iterations, 0.00 seconds

    Nodes    |    Current Node    |     Objective Bounds      |     Work
 Expl Unexpl |  Obj  Depth IntInf | Incumbent    BestBd   Gap | It/Node Time

     0     0    5.00000    0    2          -    5.00000      -     -    0s
     0     0    5.00000    0    2          -    5.00000      -     -    0s
     0     0    5.00000    0    2          -    5.00000      -     -    0s
     0     2    5.00000    0    2          -    5.00000      -     -    0s
  4777  2236    4.00000   49    2          -    5.00000      -   4.8    5s
* 4778  2125              11       5.0000000    5.00000  0.00%   4.8    5s

Explored 4778 nodes (23451 simplex iterations) in 5.19 seconds
Thread count was 8 (of 8 available processors)

Solution count 1: 5 

Optimal solution found (tolerance 1.00e-04)
Best objective 5.000000000000e+00, best bound 5.000000000000e+00, gap 0.0000%

Gurobi 8.1.1 (linux64, Python) logging started Mon May  4 12:58:14 2020

Academic license - for non-commercial use only
Optimize a model with 2981 rows, 800 columns and 6302 nonzeros
Model has 9856 quadratic constraints
Variable types: 0 continuous, 800 integer (800 binary)
Coefficient statistics:
  Matrix range     [1e+00, 1e+00]
  QMatrix range    [1e+00, 1e+00]
  QLMatrix range   [1e+00, 1e+00]
  Objective range  [1e+00, 1e+00]
  Bounds range     [1e+00, 1e+00]
  RHS range        [1e+00, 1e+00]
Presolve removed 2497 rows and 497 columns
Presolve time: 0.30s
Presolved: 484 rows, 303 columns, 1699 nonzeros
Variable types: 0 continuous, 303 integer (303 binary)

Root relaxation: objective 5.000000e+00, 24 iterations, 0.00 seconds

    Nodes    |    Current Node    |     Objective Bounds      |     Work
 Expl Unexpl |  Obj  Depth IntInf | Incumbent    BestBd   Gap | It/Node Time

     0     0    5.00000    0    3          -    5.00000      -     -    0s
     0     0    5.00000    0    4          -    5.00000      -     -    0s
     0     0    5.00000    0    4          -    5.00000      -     -    0s
     0     0    5.00000    0    4          -    5.00000      -     -    0s
     0     2    5.00000    0    4          -    5.00000      -     -    0s
H 1344   801                      -0.0000000    3.00000      -   8.3    4s
  1350   806    3.00000   29   70   -0.00000    3.00000      -  10.9    5s
H 1352   767                       1.0000000    3.00000   200%  10.9    5s
H 1363   735                       2.0000000    2.00000  0.00%  10.8    7s

Cutting planes:
  Gomory: 5
  Implied bound: 2
  Clique: 59
  Flow cover: 10
  Zero half: 24

Explored 1363 nodes (20085 simplex iterations) in 7.27 seconds
Thread count was 8 (of 8 available processors)

Solution count 3: 2 1 -0 

Optimal solution found (tolerance 1.00e-04)
Best objective 2.000000000000e+00, best bound 2.000000000000e+00, gap 0.0000%

Gurobi 8.1.1 (linux64, Python) logging started Mon May  4 13:00:47 2020

Academic license - for non-commercial use only
Optimize a model with 2621 rows, 800 columns and 5558 nonzeros
Model has 7936 quadratic constraints
Variable types: 0 continuous, 800 integer (800 binary)
Coefficient statistics:
  Matrix range     [1e+00, 1e+00]
  QMatrix range    [1e+00, 1e+00]
  QLMatrix range   [1e+00, 1e+00]
  Objective range  [1e+00, 1e+00]
  Bounds range     [1e+00, 1e+00]
  RHS range        [1e+00, 1e+00]
Presolve removed 2151 rows and 513 columns
Presolve time: 0.24s
Presolved: 470 rows, 287 columns, 1611 nonzeros
Variable types: 0 continuous, 287 integer (287 binary)

Root relaxation: objective 5.000000e+00, 5 iterations, 0.00 seconds

    Nodes    |    Current Node    |     Objective Bounds      |     Work
 Expl Unexpl |  Obj  Depth IntInf | Incumbent    BestBd   Gap | It/Node Time

     0     0    5.00000    0    2          -    5.00000      -     -    0s
     0     0    5.00000    0    4          -    5.00000      -     -    0s
     0     0    5.00000    0    4          -    5.00000      -     -    0s
     0     0    5.00000    0    4          -    5.00000      -     -    0s
     0     2    5.00000    0    4          -    5.00000      -     -    0s
H 2005   853                       4.0000000    5.00000  25.0%   5.1    2s

Explored 2173 nodes (11236 simplex iterations) in 3.15 seconds
Thread count was 8 (of 8 available processors)

Solution count 1: 4 

Optimal solution found (tolerance 1.00e-04)
Best objective 4.000000000000e+00, best bound 4.000000000000e+00, gap 0.0000%

Gurobi 8.1.1 (linux64, Python) logging started Mon May  4 13:06:03 2020

Academic license - for non-commercial use only
Optimize a model with 2653 rows, 700 columns and 5656 nonzeros
Model has 9041 quadratic constraints
Variable types: 0 continuous, 700 integer (700 binary)
Coefficient statistics:
  Matrix range     [1e+00, 1e+00]
  QMatrix range    [1e+00, 1e+00]
  QLMatrix range   [1e+00, 1e+00]
  Objective range  [1e+00, 1e+00]
  Bounds range     [1e+00, 1e+00]
  RHS range        [1e+00, 1e+00]
Presolve removed 2196 rows and 417 columns
Presolve time: 0.26s
Presolved: 457 rows, 283 columns, 1560 nonzeros
Variable types: 0 continuous, 283 integer (283 binary)

Root relaxation: objective 5.000000e+00, 18 iterations, 0.00 seconds

    Nodes    |    Current Node    |     Objective Bounds      |     Work
 Expl Unexpl |  Obj  Depth IntInf | Incumbent    BestBd   Gap | It/Node Time

     0     0    5.00000    0    1          -    5.00000      -     -    0s
     0     0    5.00000    0    2          -    5.00000      -     -    0s
     0     0    5.00000    0    4          -    5.00000      -     -    0s
     0     0    5.00000    0    4          -    5.00000      -     -    0s
     0     2    5.00000    0    4          -    5.00000      -     -    0s
H 1838  1002                       3.0000000    4.00000  33.3%   6.6    3s
* 1839   953              25       4.0000000    4.00000  0.00%   6.6    3s

Explored 1839 nodes (12479 simplex iterations) in 3.42 seconds
Thread count was 8 (of 8 available processors)

Solution count 2: 4 3 

Optimal solution found (tolerance 1.00e-04)
Best objective 4.000000000000e+00, best bound 4.000000000000e+00, gap 0.0000%

Gurobi 8.1.1 (linux64, Python) logging started Mon May  4 13:07:34 2020

Academic license - for non-commercial use only
Optimize a model with 3056 rows, 900 columns and 6448 nonzeros
Model has 9436 quadratic constraints
Variable types: 0 continuous, 900 integer (900 binary)
Coefficient statistics:
  Matrix range     [1e+00, 1e+00]
  QMatrix range    [1e+00, 1e+00]
  QLMatrix range   [1e+00, 1e+00]
  Objective range  [1e+00, 1e+00]
  Bounds range     [1e+00, 1e+00]
  RHS range        [1e+00, 1e+00]
Presolve removed 2561 rows and 590 columns
Presolve time: 0.28s
Presolved: 495 rows, 310 columns, 1780 nonzeros
Variable types: 0 continuous, 310 integer (310 binary)

Root relaxation: objective 5.000000e+00, 12 iterations, 0.00 seconds

    Nodes    |    Current Node    |     Objective Bounds      |     Work
 Expl Unexpl |  Obj  Depth IntInf | Incumbent    BestBd   Gap | It/Node Time

     0     0    5.00000    0    7          -    5.00000      -     -    0s
     0     0    5.00000    0    3          -    5.00000      -     -    0s
     0     0    5.00000    0    4          -    5.00000      -     -    0s
     0     0    5.00000    0    4          -    5.00000      -     -    0s
     0     2    5.00000    0    4          -    5.00000      -     -    0s
  2555  1366    4.00000   39    4          -    4.80000      -   6.2    5s
H 2555  1297                       3.0000000    4.80000  60.0%   6.2    5s
H 2556  1233                       4.0000000    4.80000  20.0%   6.2    5s

Explored 2556 nodes (16465 simplex iterations) in 5.81 seconds
Thread count was 8 (of 8 available processors)

Solution count 2: 4 3 

Optimal solution found (tolerance 1.00e-04)
Best objective 4.000000000000e+00, best bound 4.000000000000e+00, gap 0.0000%

Gurobi 8.1.1 (linux64, Python) logging started Mon May  4 13:13:27 2020

Academic license - for non-commercial use only
Optimize a model with 2102 rows, 700 columns and 4476 nonzeros
Model has 5896 quadratic constraints
Variable types: 0 continuous, 700 integer (700 binary)
Coefficient statistics:
  Matrix range     [1e+00, 1e+00]
  QMatrix range    [1e+00, 1e+00]
  QLMatrix range   [1e+00, 1e+00]
  Objective range  [1e+00, 1e+00]
  Bounds range     [1e+00, 1e+00]
  RHS range        [1e+00, 1e+00]
Presolve removed 1701 rows and 455 columns
Presolve time: 0.17s
Presolved: 401 rows, 245 columns, 1291 nonzeros
Variable types: 0 continuous, 245 integer (245 binary)

Root relaxation: objective 5.000000e+00, 10 iterations, 0.00 seconds

    Nodes    |    Current Node    |     Objective Bounds      |     Work
 Expl Unexpl |  Obj  Depth IntInf | Incumbent    BestBd   Gap | It/Node Time

     0     0    5.00000    0    5          -    5.00000      -     -    0s
     0     0    5.00000    0    2          -    5.00000      -     -    0s
     0     0    5.00000    0    3          -    5.00000      -     -    0s
     0     0    5.00000    0    3          -    5.00000      -     -    0s
     0     2    5.00000    0    3          -    5.00000      -     -    0s
  4838  2246    4.87500   45    3          -    5.00000      -   4.1    5s
H 4842  2137                       2.0000000    5.00000   150%   4.2    6s
H 4842  2030                       3.0000000    5.00000  66.7%   4.2    6s
H 4843  1930                       4.0000000    4.71429  17.9%   4.2    6s

Cutting planes:
  Gomory: 1
  Flow cover: 1
  Zero half: 11

Explored 4843 nodes (21274 simplex iterations) in 6.56 seconds
Thread count was 8 (of 8 available processors)

Solution count 3: 4 3 2 

Optimal solution found (tolerance 1.00e-04)
Best objective 4.000000000000e+00, best bound 4.000000000000e+00, gap 0.0000%

Gurobi 8.1.1 (linux64, Python) logging started Mon May  4 13:15:37 2020

Academic license - for non-commercial use only
Optimize a model with 2950 rows, 900 columns and 6206 nonzeros
Model has 8756 quadratic constraints
Variable types: 0 continuous, 900 integer (900 binary)
Coefficient statistics:
  Matrix range     [1e+00, 1e+00]
  QMatrix range    [1e+00, 1e+00]
  QLMatrix range   [1e+00, 1e+00]
  Objective range  [1e+00, 1e+00]
  Bounds range     [1e+00, 1e+00]
  RHS range        [1e+00, 1e+00]
Presolve removed 2464 rows and 615 columns
Presolve time: 0.26s
Presolved: 486 rows, 285 columns, 1630 nonzeros
Variable types: 0 continuous, 285 integer (285 binary)

Root relaxation: objective 5.000000e+00, 14 iterations, 0.00 seconds

    Nodes    |    Current Node    |     Objective Bounds      |     Work
 Expl Unexpl |  Obj  Depth IntInf | Incumbent    BestBd   Gap | It/Node Time

     0     0    5.00000    0    5          -    5.00000      -     -    0s
     0     0    5.00000    0    2          -    5.00000      -     -    0s
     0     0    5.00000    0    3          -    5.00000      -     -    0s
     0     0    5.00000    0    3          -    5.00000      -     -    0s
     0     2    5.00000    0    3          -    5.00000      -     -    0s
H 2166  1083                       4.0000000    5.00000  25.0%   6.7    3s

Explored 2166 nodes (15191 simplex iterations) in 3.25 seconds
Thread count was 8 (of 8 available processors)

Solution count 1: 4 

Optimal solution found (tolerance 1.00e-04)
Best objective 4.000000000000e+00, best bound 4.000000000000e+00, gap 0.0000%

Gurobi 8.1.1 (linux64, Python) logging started Mon May  4 16:32:33 2020

Academic license - for non-commercial use only
Optimize a model with 2202 rows, 600 columns and 4770 nonzeros
Model has 7641 quadratic constraints
Variable types: 0 continuous, 600 integer (600 binary)
Coefficient statistics:
  Matrix range     [1e+00, 1e+00]
  QMatrix range    [1e+00, 1e+00]
  QLMatrix range   [1e+00, 1e+00]
  Objective range  [1e+00, 1e+00]
  Bounds range     [1e+00, 1e+00]
  RHS range        [1e+00, 1e+00]
Presolve removed 1720 rows and 326 columns
Presolve time: 0.23s
Presolved: 482 rows, 274 columns, 1551 nonzeros
Variable types: 0 continuous, 274 integer (274 binary)

Root relaxation: objective 5.000000e+00, 17 iterations, 0.00 seconds

    Nodes    |    Current Node    |     Objective Bounds      |     Work
 Expl Unexpl |  Obj  Depth IntInf | Incumbent    BestBd   Gap | It/Node Time

     0     0    5.00000    0    6          -    5.00000      -     -    0s
     0     0    5.00000    0    3          -    5.00000      -     -    0s
     0     0    5.00000    0    2          -    5.00000      -     -    0s
     0     0    5.00000    0    8          -    5.00000      -     -    0s
     0     0    5.00000    0    8          -    5.00000      -     -    0s
     0     2    5.00000    0    8          -    5.00000      -     -    0s
H 1763   954                       2.0000000    4.00000   100%   5.7    3s
H 1769   910                       3.0000000    3.00000  0.00%   5.7    4s

Cutting planes:
  Gomory: 7
  Clique: 10
  Flow cover: 19
  Zero half: 28

Explored 1769 nodes (12786 simplex iterations) in 4.72 seconds
Thread count was 8 (of 8 available processors)

Solution count 2: 3 2 

Optimal solution found (tolerance 1.00e-04)
Best objective 3.000000000000e+00, best bound 3.000000000000e+00, gap 0.0000%

Gurobi 8.1.1 (linux64, Python) logging started Mon May  4 16:37:02 2020

Academic license - for non-commercial use only
Optimize a model with 2742 rows, 800 columns and 5832 nonzeros
Model has 8701 quadratic constraints
Variable types: 0 continuous, 800 integer (800 binary)
Coefficient statistics:
  Matrix range     [1e+00, 1e+00]
  QMatrix range    [1e+00, 1e+00]
  QLMatrix range   [1e+00, 1e+00]
  Objective range  [1e+00, 1e+00]
  Bounds range     [1e+00, 1e+00]
  RHS range        [1e+00, 1e+00]
Presolve removed 2224 rows and 497 columns
Presolve time: 0.26s
Presolved: 518 rows, 303 columns, 1663 nonzeros
Variable types: 0 continuous, 303 integer (303 binary)

Root relaxation: objective 5.000000e+00, 17 iterations, 0.00 seconds

    Nodes    |    Current Node    |     Objective Bounds      |     Work
 Expl Unexpl |  Obj  Depth IntInf | Incumbent    BestBd   Gap | It/Node Time

     0     0    5.00000    0    2          -    5.00000      -     -    0s
     0     0    5.00000    0    6          -    5.00000      -     -    0s
     0     0    5.00000    0    7          -    5.00000      -     -    0s
     0     0    5.00000    0    7          -    5.00000      -     -    0s
     0     2    5.00000    0    7          -    5.00000      -     -    0s
H 2197  1157                       2.0000000    4.83333   142%   7.2    3s
H 2198  1099                       3.0000000    3.00000  0.00%   7.2    3s

Cutting planes:
  Gomory: 3
  Clique: 8
  Flow cover: 1
  GUB cover: 1
  Zero half: 12

Explored 2198 nodes (16765 simplex iterations) in 3.95 seconds
Thread count was 8 (of 8 available processors)

Solution count 2: 3 2 

Optimal solution found (tolerance 1.00e-04)
Best objective 3.000000000000e+00, best bound 3.000000000000e+00, gap 0.0000%

Gurobi 8.1.1 (linux64, Python) logging started Mon May  4 16:55:05 2020

Academic license - for non-commercial use only
Optimize a model with 3226 rows, 900 columns and 6822 nonzeros
Model has 10456 quadratic constraints
Variable types: 0 continuous, 900 integer (900 binary)
Coefficient statistics:
  Matrix range     [1e+00, 1e+00]
  QMatrix range    [1e+00, 1e+00]
  QLMatrix range   [1e+00, 1e+00]
  Objective range  [1e+00, 1e+00]
  Bounds range     [1e+00, 1e+00]
  RHS range        [1e+00, 1e+00]
Presolve removed 2705 rows and 581 columns
Presolve time: 0.31s
Presolved: 521 rows, 319 columns, 1867 nonzeros
Variable types: 0 continuous, 319 integer (319 binary)

Root relaxation: objective 5.000000e+00, 21 iterations, 0.00 seconds

    Nodes    |    Current Node    |     Objective Bounds      |     Work
 Expl Unexpl |  Obj  Depth IntInf | Incumbent    BestBd   Gap | It/Node Time

     0     0    5.00000    0   11          -    5.00000      -     -    0s
     0     0    5.00000    0    2          -    5.00000      -     -    0s
     0     0    5.00000    0    4          -    5.00000      -     -    0s
     0     0    5.00000    0    4          -    5.00000      -     -    0s
     0     2    5.00000    0    4          -    5.00000      -     -    0s
H 2198  1064                       4.0000000    5.00000  25.0%   4.8    4s

Explored 2199 nodes (11128 simplex iterations) in 5.03 seconds
Thread count was 8 (of 8 available processors)

Solution count 1: 4 

Optimal solution found (tolerance 1.00e-04)
Best objective 4.000000000000e+00, best bound 4.000000000000e+00, gap 0.0000%

Gurobi 8.1.1 (linux64, Python) logging started Mon May  4 17:12:35 2020

Academic license - for non-commercial use only
Optimize a model with 735 rows, 300 columns and 1740 nonzeros
Model has 2151 quadratic constraints
Variable types: 0 continuous, 300 integer (300 binary)
Coefficient statistics:
  Matrix range     [1e+00, 1e+00]
  QMatrix range    [1e+00, 1e+00]
  QLMatrix range   [1e+00, 1e+00]
  Objective range  [1e+00, 1e+00]
  Bounds range     [1e+00, 1e+00]
  RHS range        [1e+00, 1e+00]
Presolve removed 412 rows and 126 columns
Presolve time: 0.06s
Presolved: 323 rows, 174 columns, 934 nonzeros
Variable types: 0 continuous, 174 integer (174 binary)

Root relaxation: objective 5.000000e+00, 1 iterations, 0.00 seconds

    Nodes    |    Current Node    |     Objective Bounds      |     Work
 Expl Unexpl |  Obj  Depth IntInf | Incumbent    BestBd   Gap | It/Node Time

     0     0    5.00000    0    6          -    5.00000      -     -    0s
     0     0    5.00000    0    3          -    5.00000      -     -    0s
     0     0    5.00000    0    6          -    5.00000      -     -    0s
     0     0    5.00000    0    6          -    5.00000      -     -    0s
     0     2    5.00000    0    6          -    5.00000      -     -    0s
  7981  2900    5.00000   37    1          -    5.00000      -   3.5    5s
*12579  4833              14       5.0000000    5.00000  0.00%   3.2    9s

Explored 12579 nodes (40843 simplex iterations) in 9.56 seconds
Thread count was 8 (of 8 available processors)

Solution count 1: 5 

Optimal solution found (tolerance 1.00e-04)
Best objective 5.000000000000e+00, best bound 5.000000000000e+00, gap 0.0000%

Gurobi 8.1.1 (linux64, Python) logging started Mon May  4 17:13:14 2020

Academic license - for non-commercial use only
Optimize a model with 670 rows, 300 columns and 1610 nonzeros
Model has 1826 quadratic constraints
Variable types: 0 continuous, 300 integer (300 binary)
Coefficient statistics:
  Matrix range     [1e+00, 1e+00]
  QMatrix range    [1e+00, 1e+00]
  QLMatrix range   [1e+00, 1e+00]
  Objective range  [1e+00, 1e+00]
  Bounds range     [1e+00, 1e+00]
  RHS range        [1e+00, 1e+00]
Presolve removed 345 rows and 125 columns
Presolve time: 0.05s
Presolved: 325 rows, 175 columns, 925 nonzeros
Variable types: 0 continuous, 175 integer (175 binary)

Root relaxation: objective 5.000000e+00, 0 iterations, 0.00 seconds

    Nodes    |    Current Node    |     Objective Bounds      |     Work
 Expl Unexpl |  Obj  Depth IntInf | Incumbent    BestBd   Gap | It/Node Time

     0     0    5.00000    0    5          -    5.00000      -     -    0s
     0     0    5.00000    0    7          -    5.00000      -     -    0s
     0     0    5.00000    0    7          -    5.00000      -     -    0s
     0     2    5.00000    0    7          -    5.00000      -     -    0s
  8222  3235    5.00000   35    4          -    5.00000      -   3.1    5s
H11668  4807                       5.0000000    5.00000  0.00%   2.8    8s

Explored 11668 nodes (33245 simplex iterations) in 8.27 seconds
Thread count was 8 (of 8 available processors)

Solution count 1: 5 

Optimal solution found (tolerance 1.00e-04)
Best objective 5.000000000000e+00, best bound 5.000000000000e+00, gap 0.0000%

Gurobi 8.1.1 (linux64, Python) logging started Mon May  4 17:13:40 2020

Academic license - for non-commercial use only
Optimize a model with 670 rows, 300 columns and 1610 nonzeros
Model has 1826 quadratic constraints
Variable types: 0 continuous, 300 integer (300 binary)
Coefficient statistics:
  Matrix range     [1e+00, 1e+00]
  QMatrix range    [1e+00, 1e+00]
  QLMatrix range   [1e+00, 1e+00]
  Objective range  [1e+00, 1e+00]
  Bounds range     [1e+00, 1e+00]
  RHS range        [1e+00, 1e+00]
Presolve removed 345 rows and 125 columns
Presolve time: 0.05s
Presolved: 325 rows, 175 columns, 925 nonzeros
Variable types: 0 continuous, 175 integer (175 binary)

Root relaxation: objective 5.000000e+00, 0 iterations, 0.00 seconds

    Nodes    |    Current Node    |     Objective Bounds      |     Work
 Expl Unexpl |  Obj  Depth IntInf | Incumbent    BestBd   Gap | It/Node Time

     0     0    5.00000    0    5          -    5.00000      -     -    0s
     0     0    5.00000    0    7          -    5.00000      -     -    0s
     0     0    5.00000    0    7          -    5.00000      -     -    0s
     0     2    5.00000    0    7          -    5.00000      -     -    0s
  7956  3174    5.00000   55    -          -    5.00000      -   3.1    5s
H11668  4807                       5.0000000    5.00000  0.00%   2.8    8s

Explored 11668 nodes (33245 simplex iterations) in 8.24 seconds
Thread count was 8 (of 8 available processors)

Solution count 1: 5 

Optimal solution found (tolerance 1.00e-04)
Best objective 5.000000000000e+00, best bound 5.000000000000e+00, gap 0.0000%

Gurobi 8.1.1 (linux64, Python) logging started Mon May  4 17:13:52 2020

Academic license - for non-commercial use only
Optimize a model with 670 rows, 300 columns and 1610 nonzeros
Model has 1826 quadratic constraints
Variable types: 0 continuous, 300 integer (300 binary)
Coefficient statistics:
  Matrix range     [1e+00, 1e+00]
  QMatrix range    [1e+00, 1e+00]
  QLMatrix range   [1e+00, 1e+00]
  Objective range  [1e+00, 1e+00]
  Bounds range     [1e+00, 1e+00]
  RHS range        [1e+00, 1e+00]
Presolve removed 345 rows and 125 columns
Presolve time: 0.05s
Presolved: 325 rows, 175 columns, 925 nonzeros
Variable types: 0 continuous, 175 integer (175 binary)

Root relaxation: objective 5.000000e+00, 0 iterations, 0.00 seconds

    Nodes    |    Current Node    |     Objective Bounds      |     Work
 Expl Unexpl |  Obj  Depth IntInf | Incumbent    BestBd   Gap | It/Node Time

     0     0    5.00000    0    5          -    5.00000      -     -    0s
     0     0    5.00000    0    7          -    5.00000      -     -    0s
     0     0    5.00000    0    7          -    5.00000      -     -    0s
     0     2    5.00000    0    7          -    5.00000      -     -    0s
  8222  3235    5.00000   35    4          -    5.00000      -   3.1    5s
H11668  4807                       5.0000000    5.00000  0.00%   2.8    8s

Explored 11668 nodes (33245 simplex iterations) in 8.28 seconds
Thread count was 8 (of 8 available processors)

Solution count 1: 5 

Optimal solution found (tolerance 1.00e-04)
Best objective 5.000000000000e+00, best bound 5.000000000000e+00, gap 0.0000%

Gurobi 8.1.1 (linux64, Python) logging started Mon May  4 19:50:53 2020

Academic license - for non-commercial use only
Optimize a model with 89 rows, 48 columns and 186 nonzeros
Model has 135 quadratic constraints
Variable types: 0 continuous, 48 integer (48 binary)
Coefficient statistics:
  Matrix range     [1e+00, 1e+00]
  QMatrix range    [1e+00, 1e+00]
  QLMatrix range   [1e+00, 1e+00]
  Objective range  [1e+00, 1e+00]
  Bounds range     [1e+00, 1e+00]
  RHS range        [1e+00, 1e+00]
Presolve removed 71 rows and 26 columns
Presolve time: 0.00s
Presolved: 18 rows, 22 columns, 46 nonzeros
Variable types: 0 continuous, 22 integer (22 binary)

Root relaxation: objective 2.000000e+00, 0 iterations, 0.00 seconds

    Nodes    |    Current Node    |     Objective Bounds      |     Work
 Expl Unexpl |  Obj  Depth IntInf | Incumbent    BestBd   Gap | It/Node Time

     0     0    2.00000    0    1          -    2.00000      -     -    0s
     0     0    2.00000    0    3          -    2.00000      -     -    0s
     0     0    2.00000    0    3          -    2.00000      -     -    0s
     0     2    2.00000    0    3          -    2.00000      -     -    0s
H    4     6                       2.0000000    2.00000  0.00%   1.0    0s

Explored 6 nodes (39 simplex iterations) in 0.02 seconds
Thread count was 8 (of 8 available processors)

Solution count 1: 2 

Optimal solution found (tolerance 1.00e-04)
Best objective 2.000000000000e+00, best bound 2.000000000000e+00, gap 0.0000%

Gurobi 8.1.1 (linux64, Python) logging started Mon May  4 19:50:57 2020

Academic license - for non-commercial use only
Optimize a model with 72 rows, 48 columns and 152 nonzeros
Model has 101 quadratic constraints
Variable types: 0 continuous, 48 integer (48 binary)
Coefficient statistics:
  Matrix range     [1e+00, 1e+00]
  QMatrix range    [1e+00, 1e+00]
  QLMatrix range   [1e+00, 1e+00]
  Objective range  [1e+00, 1e+00]
  Bounds range     [1e+00, 1e+00]
  RHS range        [1e+00, 1e+00]
Presolve removed 54 rows and 26 columns
Presolve time: 0.00s
Presolved: 18 rows, 22 columns, 46 nonzeros
Variable types: 0 continuous, 22 integer (22 binary)

Root relaxation: objective 2.000000e+00, 0 iterations, 0.00 seconds

    Nodes    |    Current Node    |     Objective Bounds      |     Work
 Expl Unexpl |  Obj  Depth IntInf | Incumbent    BestBd   Gap | It/Node Time

     0     0    2.00000    0    1          -    2.00000      -     -    0s
     0     0    2.00000    0    3          -    2.00000      -     -    0s
     0     0    2.00000    0    3          -    2.00000      -     -    0s
     0     2    2.00000    0    3          -    2.00000      -     -    0s
H    4     6                       2.0000000    2.00000  0.00%   1.0    0s

Explored 6 nodes (39 simplex iterations) in 0.02 seconds
Thread count was 8 (of 8 available processors)

Solution count 1: 2 

Optimal solution found (tolerance 1.00e-04)
Best objective 2.000000000000e+00, best bound 2.000000000000e+00, gap 0.0000%

Gurobi 8.1.1 (linux64, Python) logging started Mon May  4 19:50:58 2020

Academic license - for non-commercial use only
Optimize a model with 104 rows, 64 columns and 222 nonzeros
Model has 125 quadratic constraints
Variable types: 0 continuous, 64 integer (64 binary)
Coefficient statistics:
  Matrix range     [1e+00, 1e+00]
  QMatrix range    [1e+00, 1e+00]
  QLMatrix range   [1e+00, 1e+00]
  Objective range  [1e+00, 1e+00]
  Bounds range     [1e+00, 1e+00]
  RHS range        [1e+00, 1e+00]
Presolve removed 84 rows and 38 columns
Presolve time: 0.00s
Presolved: 20 rows, 26 columns, 53 nonzeros
Variable types: 0 continuous, 26 integer (26 binary)

Root relaxation: objective 2.000000e+00, 0 iterations, 0.00 seconds

    Nodes    |    Current Node    |     Objective Bounds      |     Work
 Expl Unexpl |  Obj  Depth IntInf | Incumbent    BestBd   Gap | It/Node Time

     0     0    2.00000    0    1          -    2.00000      -     -    0s
     0     0    2.00000    0    3          -    2.00000      -     -    0s
     0     0    2.00000    0    3          -    2.00000      -     -    0s
     0     2    2.00000    0    3          -    2.00000      -     -    0s
H    7     6                       2.0000000    2.00000  0.00%   2.7    0s

Explored 12 nodes (52 simplex iterations) in 0.01 seconds
Thread count was 8 (of 8 available processors)

Solution count 1: 2 

Optimal solution found (tolerance 1.00e-04)
Best objective 2.000000000000e+00, best bound 2.000000000000e+00, gap 0.0000%

Gurobi 8.1.1 (linux64, Python) logging started Mon May  4 19:51:35 2020

Academic license - for non-commercial use only
Optimize a model with 115 rows, 48 columns and 238 nonzeros
Model has 187 quadratic constraints
Variable types: 0 continuous, 48 integer (48 binary)
Coefficient statistics:
  Matrix range     [1e+00, 1e+00]
  QMatrix range    [1e+00, 1e+00]
  QLMatrix range   [1e+00, 1e+00]
  Objective range  [1e+00, 1e+00]
  Bounds range     [1e+00, 1e+00]
  RHS range        [1e+00, 1e+00]
Presolve removed 102 rows and 29 columns
Presolve time: 0.00s
Presolved: 13 rows, 19 columns, 36 nonzeros
Variable types: 0 continuous, 19 integer (19 binary)

Root relaxation: objective 2.000000e+00, 1 iterations, 0.00 seconds

    Nodes    |    Current Node    |     Objective Bounds      |     Work
 Expl Unexpl |  Obj  Depth IntInf | Incumbent    BestBd   Gap | It/Node Time

     0     0    2.00000    0    3          -    2.00000      -     -    0s
     0     0    1.00000    0    2          -    1.00000      -     -    0s

Cutting planes:
  MIR: 1

Explored 1 nodes (26 simplex iterations) in 0.01 seconds
Thread count was 8 (of 8 available processors)

Solution count 0

Model is infeasible
Best objective -, best bound -, gap -

Gurobi 8.1.1 (linux64, Python) logging started Mon May  4 19:51:49 2020

Academic license - for non-commercial use only
Optimize a model with 115 rows, 48 columns and 238 nonzeros
Model has 187 quadratic constraints
Variable types: 0 continuous, 48 integer (48 binary)
Coefficient statistics:
  Matrix range     [1e+00, 1e+00]
  QMatrix range    [1e+00, 1e+00]
  QLMatrix range   [1e+00, 1e+00]
  Objective range  [1e+00, 1e+00]
  Bounds range     [1e+00, 1e+00]
  RHS range        [1e+00, 1e+00]
Presolve removed 100 rows and 28 columns
Presolve time: 0.00s
Presolved: 15 rows, 20 columns, 40 nonzeros
Variable types: 0 continuous, 20 integer (20 binary)

Root relaxation: objective 2.000000e+00, 0 iterations, 0.00 seconds

    Nodes    |    Current Node    |     Objective Bounds      |     Work
 Expl Unexpl |  Obj  Depth IntInf | Incumbent    BestBd   Gap | It/Node Time

     0     0    2.00000    0    4          -    2.00000      -     -    0s
*    0     0               0       2.0000000    2.00000  0.00%     -    0s

Cutting planes:
  Gomory: 1
  MIR: 1

Explored 1 nodes (20 simplex iterations) in 0.01 seconds
Thread count was 8 (of 8 available processors)

Solution count 1: 2 

Optimal solution found (tolerance 1.00e-04)
Best objective 2.000000000000e+00, best bound 2.000000000000e+00, gap 0.0000%

Gurobi 8.1.1 (linux64, Python) logging started Mon May  4 19:52:49 2020

Academic license - for non-commercial use only
Optimize a model with 339 rows, 108 columns and 724 nonzeros
Model has 817 quadratic constraints
Variable types: 0 continuous, 108 integer (108 binary)
Coefficient statistics:
  Matrix range     [1e+00, 1e+00]
  QMatrix range    [1e+00, 1e+00]
  QLMatrix range   [1e+00, 1e+00]
  Objective range  [1e+00, 1e+00]
  Bounds range     [1e+00, 1e+00]
  RHS range        [1e+00, 1e+00]
Presolve removed 282 rows and 56 columns
Presolve time: 0.02s
Presolved: 57 rows, 52 columns, 180 nonzeros
Variable types: 0 continuous, 52 integer (52 binary)

Root relaxation: objective 3.000000e+00, 5 iterations, 0.00 seconds

    Nodes    |    Current Node    |     Objective Bounds      |     Work
 Expl Unexpl |  Obj  Depth IntInf | Incumbent    BestBd   Gap | It/Node Time

     0     0    3.00000    0    3          -    3.00000      -     -    0s
     0     0    3.00000    0    3          -    3.00000      -     -    0s
     0     0    3.00000    0    3          -    3.00000      -     -    0s
     0     2    3.00000    0    3          -    3.00000      -     -    0s

Explored 1429 nodes (6820 simplex iterations) in 0.28 seconds
Thread count was 8 (of 8 available processors)

Solution count 0

Model is infeasible
Best objective -, best bound -, gap -

Gurobi 8.1.1 (linux64, Python) logging started Mon May  4 19:53:06 2020

Academic license - for non-commercial use only
Optimize a model with 400 rows, 144 columns and 856 nonzeros
Model has 859 quadratic constraints
Variable types: 0 continuous, 144 integer (144 binary)
Coefficient statistics:
  Matrix range     [1e+00, 1e+00]
  QMatrix range    [1e+00, 1e+00]
  QLMatrix range   [1e+00, 1e+00]
  Objective range  [1e+00, 1e+00]
  Bounds range     [1e+00, 1e+00]
  RHS range        [1e+00, 1e+00]
Presolve removed 324 rows and 78 columns
Presolve time: 0.02s
Presolved: 76 rows, 66 columns, 228 nonzeros
Variable types: 0 continuous, 66 integer (66 binary)

Root relaxation: objective 3.000000e+00, 2 iterations, 0.00 seconds

    Nodes    |    Current Node    |     Objective Bounds      |     Work
 Expl Unexpl |  Obj  Depth IntInf | Incumbent    BestBd   Gap | It/Node Time

     0     0    3.00000    0    3          -    3.00000      -     -    0s
     0     0    3.00000    0    6          -    3.00000      -     -    0s
     0     0    3.00000    0    6          -    3.00000      -     -    0s
     0     2    3.00000    0    6          -    3.00000      -     -    0s
*   24    18               4       3.0000000    3.00000  0.00%   3.8    0s

Explored 30 nodes (181 simplex iterations) in 0.06 seconds
Thread count was 8 (of 8 available processors)

Solution count 1: 3 

Optimal solution found (tolerance 1.00e-04)
Best objective 3.000000000000e+00, best bound 3.000000000000e+00, gap 0.0000%

Gurobi 8.1.1 (linux64, Python) logging started Mon May  4 19:55:08 2020

Academic license - for non-commercial use only
Optimize a model with 489 rows, 180 columns and 1038 nonzeros
Model has 967 quadratic constraints
Variable types: 0 continuous, 180 integer (180 binary)
Coefficient statistics:
  Matrix range     [1e+00, 1e+00]
  QMatrix range    [1e+00, 1e+00]
  QLMatrix range   [1e+00, 1e+00]
  Objective range  [1e+00, 1e+00]
  Bounds range     [1e+00, 1e+00]
  RHS range        [1e+00, 1e+00]
Presolve removed 410 rows and 107 columns
Presolve time: 0.02s
Presolved: 79 rows, 73 columns, 243 nonzeros
Variable types: 0 continuous, 73 integer (73 binary)

Root relaxation: objective 3.000000e+00, 6 iterations, 0.00 seconds

    Nodes    |    Current Node    |     Objective Bounds      |     Work
 Expl Unexpl |  Obj  Depth IntInf | Incumbent    BestBd   Gap | It/Node Time

     0     0    3.00000    0    7          -    3.00000      -     -    0s
     0     0    3.00000    0    3          -    3.00000      -     -    0s
*    0     0               0       3.0000000    3.00000  0.00%     -    0s

Cutting planes:
  MIR: 1

Explored 1 nodes (76 simplex iterations) in 0.04 seconds
Thread count was 8 (of 8 available processors)

Solution count 1: 3 

Optimal solution found (tolerance 1.00e-04)
Best objective 3.000000000000e+00, best bound 3.000000000000e+00, gap 0.0000%

Gurobi 8.1.1 (linux64, Python) logging started Mon May  4 19:56:01 2020

Academic license - for non-commercial use only
Optimize a model with 393 rows, 144 columns and 830 nonzeros
Model has 802 quadratic constraints
Variable types: 0 continuous, 144 integer (144 binary)
Coefficient statistics:
  Matrix range     [1e+00, 1e+00]
  QMatrix range    [1e+00, 1e+00]
  QLMatrix range   [1e+00, 1e+00]
  Objective range  [1e+00, 1e+00]
  Bounds range     [1e+00, 1e+00]
  RHS range        [1e+00, 1e+00]
Presolve removed 327 rows and 87 columns
Presolve time: 0.02s
Presolved: 66 rows, 57 columns, 204 nonzeros
Variable types: 0 continuous, 57 integer (57 binary)

Root relaxation: objective 3.000000e+00, 5 iterations, 0.00 seconds

    Nodes    |    Current Node    |     Objective Bounds      |     Work
 Expl Unexpl |  Obj  Depth IntInf | Incumbent    BestBd   Gap | It/Node Time

     0     0    3.00000    0    6          -    3.00000      -     -    0s
     0     0    3.00000    0    8          -    3.00000      -     -    0s
     0     0    3.00000    0    8          -    3.00000      -     -    0s
     0     2    3.00000    0    8          -    3.00000      -     -    0s

Explored 2240 nodes (6696 simplex iterations) in 0.47 seconds
Thread count was 8 (of 8 available processors)

Solution count 0

Model is infeasible
Best objective -, best bound -, gap -

Gurobi 8.1.1 (linux64, Python) logging started Mon May  4 19:57:29 2020

Academic license - for non-commercial use only
Optimize a model with 1657 rows, 500 columns and 3596 nonzeros
Model has 5271 quadratic constraints
Variable types: 0 continuous, 500 integer (500 binary)
Coefficient statistics:
  Matrix range     [1e+00, 1e+00]
  QMatrix range    [1e+00, 1e+00]
  QLMatrix range   [1e+00, 1e+00]
  Objective range  [1e+00, 1e+00]
  Bounds range     [1e+00, 1e+00]
  RHS range        [1e+00, 1e+00]
Presolve removed 1258 rows and 283 columns
Presolve time: 0.15s
Presolved: 399 rows, 217 columns, 1238 nonzeros
Variable types: 0 continuous, 217 integer (217 binary)

Root relaxation: objective 5.000000e+00, 9 iterations, 0.00 seconds

    Nodes    |    Current Node    |     Objective Bounds      |     Work
 Expl Unexpl |  Obj  Depth IntInf | Incumbent    BestBd   Gap | It/Node Time

     0     0    5.00000    0    2          -    5.00000      -     -    0s
     0     0    5.00000    0    2          -    5.00000      -     -    0s
     0     0    5.00000    0    2          -    5.00000      -     -    0s
     0     2    5.00000    0    2          -    5.00000      -     -    0s
  5247  2463    5.00000   28    2          -    5.00000      -   4.7    5s
H 5247  2339                       4.0000000    5.00000  25.0%   4.7    5s

Explored 5247 nodes (25095 simplex iterations) in 5.25 seconds
Thread count was 8 (of 8 available processors)

Solution count 1: 4 

Optimal solution found (tolerance 1.00e-04)
Best objective 4.000000000000e+00, best bound 4.000000000000e+00, gap 0.0000%

Gurobi 8.1.1 (linux64, Python) logging started Mon May  4 20:15:41 2020

Academic license - for non-commercial use only
Optimize a model with 3988 rows, 1200 columns and 8342 nonzeros
Model has 11921 quadratic constraints
Variable types: 0 continuous, 1200 integer (1200 binary)
Coefficient statistics:
  Matrix range     [1e+00, 1e+00]
  QMatrix range    [1e+00, 1e+00]
  QLMatrix range   [1e+00, 1e+00]
  Objective range  [1e+00, 1e+00]
  Bounds range     [1e+00, 1e+00]
  RHS range        [1e+00, 1e+00]
Presolve removed 3313 rows and 838 columns
Presolve time: 0.39s
Presolved: 675 rows, 362 columns, 2194 nonzeros
Variable types: 0 continuous, 362 integer (362 binary)

Root relaxation: objective 5.000000e+00, 9 iterations, 0.00 seconds

    Nodes    |    Current Node    |     Objective Bounds      |     Work
 Expl Unexpl |  Obj  Depth IntInf | Incumbent    BestBd   Gap | It/Node Time

     0     0    5.00000    0    4          -    5.00000      -     -    0s
     0     0    5.00000    0    5          -    5.00000      -     -    0s
     0     0    5.00000    0    5          -    5.00000      -     -    0s
     0     2    5.00000    0    5          -    5.00000      -     -    0s
H 1975    43                       5.0000000    5.00000  0.00%   5.3    3s

Cutting planes:
  MIR: 1

Explored 2187 nodes (11880 simplex iterations) in 3.78 seconds
Thread count was 8 (of 8 available processors)

Solution count 1: 5 

Optimal solution found (tolerance 1.00e-04)
Best objective 5.000000000000e+00, best bound 5.000000000000e+00, gap 0.0000%

Gurobi 8.1.1 (linux64, Python) logging started Mon May  4 20:16:28 2020

Academic license - for non-commercial use only
Optimize a model with 930 rows, 300 columns and 2130 nonzeros
Model has 3126 quadratic constraints
Variable types: 0 continuous, 300 integer (300 binary)
Coefficient statistics:
  Matrix range     [1e+00, 1e+00]
  QMatrix range    [1e+00, 1e+00]
  QLMatrix range   [1e+00, 1e+00]
  Objective range  [1e+00, 1e+00]
  Bounds range     [1e+00, 1e+00]
  RHS range        [1e+00, 1e+00]
Presolve removed 611 rows and 128 columns
Presolve time: 0.09s
Presolved: 319 rows, 172 columns, 968 nonzeros
Variable types: 0 continuous, 172 integer (172 binary)

Root relaxation: objective 5.000000e+00, 3 iterations, 0.00 seconds

    Nodes    |    Current Node    |     Objective Bounds      |     Work
 Expl Unexpl |  Obj  Depth IntInf | Incumbent    BestBd   Gap | It/Node Time

     0     0    5.00000    0    2          -    5.00000      -     -    0s
     0     0    5.00000    0    5          -    5.00000      -     -    0s
     0     0    5.00000    0    5          -    5.00000      -     -    0s
     0     2    5.00000    0    5          -    5.00000      -     -    0s
  6115  2700    5.00000   17    5          -    5.00000      -   4.2    6s
* 6116  2565              13       4.0000000    4.00000  0.00%   4.2    6s

Explored 6116 nodes (26782 simplex iterations) in 6.95 seconds
Thread count was 8 (of 8 available processors)

Solution count 1: 4 

Optimal solution found (tolerance 1.00e-04)
Best objective 4.000000000000e+00, best bound 4.000000000000e+00, gap 0.0000%

Gurobi 8.1.1 (linux64, Python) logging started Mon May  4 20:59:11 2020

Academic license - for non-commercial use only
Optimize a model with 2779 rows, 800 columns and 5912 nonzeros
Model has 8916 quadratic constraints
Variable types: 0 continuous, 800 integer (800 binary)
Coefficient statistics:
  Matrix range     [1e+00, 1e+00]
  QMatrix range    [1e+00, 1e+00]
  QLMatrix range   [1e+00, 1e+00]
  Objective range  [1e+00, 1e+00]
  Bounds range     [1e+00, 1e+00]
  RHS range        [1e+00, 1e+00]
Presolve removed 2283 rows and 504 columns
Presolve time: 0.26s
Presolved: 496 rows, 296 columns, 1614 nonzeros
Variable types: 0 continuous, 296 integer (296 binary)

Root relaxation: objective 5.000000e+00, 16 iterations, 0.00 seconds

    Nodes    |    Current Node    |     Objective Bounds      |     Work
 Expl Unexpl |  Obj  Depth IntInf | Incumbent    BestBd   Gap | It/Node Time

     0     0    5.00000    0    1          -    5.00000      -     -    0s
     0     0    5.00000    0   11          -    5.00000      -     -    0s
     0     0    5.00000    0    7          -    5.00000      -     -    0s
     0     0    5.00000    0    7          -    5.00000      -     -    0s
     0     2    5.00000    0    7          -    5.00000      -     -    0s
H 1945  1055                      -0.0000000    4.00000      -   7.4    3s
H 1946  1003                       3.0000000    4.00000  33.3%   7.4    3s

Cutting planes:
  Clique: 1
  Zero half: 7

Explored 1947 nodes (15623 simplex iterations) in 3.51 seconds
Thread count was 8 (of 8 available processors)

Solution count 2: 3 -0 

Optimal solution found (tolerance 1.00e-04)
Best objective 3.000000000000e+00, best bound 3.000000000000e+00, gap 0.0000%
